"../../../../../UnrealProyects/Practica_IV/Content/Geometry/Meshes/CubeMaterial.uasset" 0
"../../../../../UnrealProyects/Practica_IV/Content/Geometry/Meshes/1M_Cube_Chamfer.uasset" 1
"../../../../../UnrealProyects/Practica_IV/Content/Mannequin/Character/Mesh/UE4_Mannequin_Skeleton.uasset" 2
"../../../../../UnrealProyects/Practica_IV/Content/Mannequin/Animations/ThirdPersonJump_End.uasset" 3
"../../../../../UnrealProyects/Practica_IV/Content/SideScrollerBP/SideScrollerOverview.uasset" 4
"../../../../../UnrealProyects/Practica_IV/Content/Mannequin/Animations/ThirdPerson_Jump.uasset" 5
"../../../../../UnrealProyects/Practica_IV/Content/Mannequin/Animations/ThirdPersonJump_Loop.uasset" 6
"../../../../../UnrealProyects/Practica_IV/Content/Mannequin/Animations/ThirdPersonJump_Start.uasset" 7
"../../../../../UnrealProyects/Practica_IV/Content/Mannequin/Animations/ThirdPersonIdle.uasset" 8
"../../../../../UnrealProyects/Practica_IV/Content/Mannequin/Animations/ThirdPersonRun.uasset" 9
"../../../../../UnrealProyects/Practica_IV/Content/Mannequin/Animations/ThirdPersonWalk.uasset" 10
"../../../../../UnrealProyects/Practica_IV/Content/Mannequin/Animations/ThirdPerson_IdleRun_2D.uasset" 11
"../../../Engine/Content/EditorBlueprintResources/StandardMacros.uasset" 12
"../../../../../UnrealProyects/Practica_IV/Content/Mannequin/Animations/ThirdPerson_AnimBP.uasset" 13
"../../../../../UnrealProyects/Practica_IV/Content/SideScrollerBP/Blueprints/BP_Interfaz.uasset" 14
"../../../Engine/Content/Functions/Engine_MaterialFunctions02/Utility/BlendAngleCorrectedNormals.uasset" 15
"../../../Engine/Content/Functions/MaterialLayerFunctions/MatLayerBlend_NormalBlend.uasset" 16
"../../../Engine/Content/Functions/MaterialLayerFunctions/MatLayerBlend_Simple.uasset" 17
"../../../../../UnrealProyects/Practica_IV/Content/Mannequin/Character/Materials/MaterialLayers/T_ML_Rubber_Blue_01_D.uasset" 18
"../../../../../UnrealProyects/Practica_IV/Content/Mannequin/Character/Materials/MaterialLayers/T_ML_Rubber_Blue_01_N.uasset" 19
"../../../../../UnrealProyects/Practica_IV/Content/Mannequin/Character/Materials/MaterialLayers/ML_GlossyBlack_Latex_UE4.uasset" 20
"../../../../../UnrealProyects/Practica_IV/Content/Mannequin/Character/Materials/MaterialLayers/ML_Plastic_Shiny_Beige.uasset" 21
"../../../../../UnrealProyects/Practica_IV/Content/Mannequin/Character/Textures/UE4_LOGO_CARD.uasset" 22
"../../../../../UnrealProyects/Practica_IV/Content/Mannequin/Character/Materials/MaterialLayers/ML_Plastic_Shiny_Beige_LOGO.uasset" 23
"../../../../../UnrealProyects/Practica_IV/Content/Mannequin/Character/Materials/MaterialLayers/T_ML_Aluminum01.uasset" 24
"../../../../../UnrealProyects/Practica_IV/Content/Mannequin/Character/Materials/MaterialLayers/T_ML_Aluminum01_N.uasset" 25
"../../../../../UnrealProyects/Practica_IV/Content/Mannequin/Character/Materials/MaterialLayers/ML_SoftMetal_UE4.uasset" 26
"../../../../../UnrealProyects/Practica_IV/Content/Mannequin/Character/Textures/UE4_Mannequin__normals.uasset" 27
"../../../../../UnrealProyects/Practica_IV/Content/Mannequin/Character/Textures/UE4_Mannequin_MAT_MASKA.uasset" 28
"../../../../../UnrealProyects/Practica_IV/Content/Mannequin/Character/Materials/M_UE4Man_Body.uasset" 29
"../../../../../UnrealProyects/Practica_IV/Content/Mannequin/Character/Textures/UE4Man_Logo_N.uasset" 30
"../../../../../UnrealProyects/Practica_IV/Content/Mannequin/Character/Materials/M_UE4Man_ChestLogo.uasset" 31
"../../../../../UnrealProyects/Practica_IV/Content/Mannequin/Character/Mesh/SK_Mannequin_PhysicsAsset.uasset" 32
"../../../../../UnrealProyects/Practica_IV/Content/Mannequin/Character/Mesh/SK_Mannequin.uasset" 33
"../../../../../UnrealProyects/Practica_IV/Content/SideScrollerBP/Blueprints/SideScrollerCharacter.uasset" 34
"../../../../../UnrealProyects/Practica_IV/Content/SideScrollerBP/Blueprints/Imagenes/fondovidaIU.uasset" 35
"../../../../../UnrealProyects/Practica_IV/Content/SideScrollerBP/Blueprints/BP_VidayMonedasIU.uasset" 36
"../../../../../UnrealProyects/Practica_IV/Content/SideScrollerBP/Blueprints/BP_VidaIU.uasset" 37
"../../../../../UnrealProyects/Practica_IV/Content/SideScrollerBP/Blueprints/fondovidaIU.uasset" 38
"../../../../../UnrealProyects/Practica_IV/Content/SideScrollerBP/Blueprints/Imagenes/MainBGOverlay.uasset" 39
"../../../../../UnrealProyects/Practica_IV/Content/SideScrollerBP/Blueprints/MainBGOverlay.uasset" 40
"../../../../../UnrealProyects/Practica_IV/Content/SideScrollerBP/Blueprints/SideScrollerGameMode.uasset" 41
"../../../../../UnrealProyects/Practica_IV/Content/SideScrollerBP/Meshes/CubeMaterial.uasset" 42
"../../../../../UnrealProyects/Practica_IV/Content/SideScrollerBP/Meshes/Ramp_Mesh.uasset" 43
"../../../../../UnrealProyects/Practica_IV/Content/StarterContent/Materials/M_Basic_Wall.uasset" 44
"../../../../../UnrealProyects/Practica_IV/Content/StarterContent/Architecture/Pillar_50x500.uasset" 45
"../../../../../UnrealProyects/Practica_IV/Content/StarterContent/Architecture/Wall_400x300.uasset" 46
"../../../../../UnrealProyects/Practica_IV/Content/StarterContent/Architecture/Wall_400x400.uasset" 47
"../../../../../UnrealProyects/Practica_IV/Content/StarterContent/Architecture/Wall_500x500.uasset" 48
"../../../../../UnrealProyects/Practica_IV/Content/StarterContent/Architecture/Wall_Door_400x400.uasset" 49
"../../../../../UnrealProyects/Practica_IV/Content/StarterContent/Architecture/Wall_Window_400x400.uasset" 50
"../../../../../UnrealProyects/Practica_IV/Content/StarterContent/Audio/Coin-pick-up-sound-effect.uasset" 51
"../../../../../UnrealProyects/Practica_IV/Content/StarterContent/Audio/Collapse01.uasset" 52
"../../../../../UnrealProyects/Practica_IV/Content/StarterContent/Audio/Collapse02.uasset" 53
"../../../../../UnrealProyects/Practica_IV/Content/StarterContent/Audio/Explosion02.uasset" 54
"../../../../../UnrealProyects/Practica_IV/Content/StarterContent/Audio/Fire01.uasset" 55
"../../../../../UnrealProyects/Practica_IV/Content/StarterContent/Audio/Fire_Sparks01.uasset" 56
"../../../../../UnrealProyects/Practica_IV/Content/StarterContent/Audio/Light01.uasset" 57
"../../../../../UnrealProyects/Practica_IV/Content/StarterContent/Audio/Light01_Cue.uasset" 58
"../../../../../UnrealProyects/Practica_IV/Content/StarterContent/Audio/Light02.uasset" 59
"../../../../../UnrealProyects/Practica_IV/Content/StarterContent/Audio/Light02_Cue.uasset" 60
"../../../../../UnrealProyects/Practica_IV/Content/StarterContent/Audio/Smoke01.uasset" 61
"../../../../../UnrealProyects/Practica_IV/Content/StarterContent/Audio/Starter_Birds01.uasset" 62
"../../../../../UnrealProyects/Practica_IV/Content/StarterContent/Audio/Starter_Music01.uasset" 63
"../../../../../UnrealProyects/Practica_IV/Content/StarterContent/Audio/Starter_Wind05.uasset" 64
"../../../../../UnrealProyects/Practica_IV/Content/StarterContent/Audio/Starter_Wind06.uasset" 65
"../../../../../UnrealProyects/Practica_IV/Content/StarterContent/Audio/Steam01.uasset" 66
"../../../../../UnrealProyects/Practica_IV/Content/StarterContent/Audio/Explosion_Cue.uasset" 67
"../../../../../UnrealProyects/Practica_IV/Content/StarterContent/Textures/T_Burst_M.uasset" 68
"../../../../../UnrealProyects/Practica_IV/Content/StarterContent/Particles/Materials/M_Burst.uasset" 69
"../../../../../UnrealProyects/Practica_IV/Content/StarterContent/Textures/T_Explosion_SubUV.uasset" 70
"../../../../../UnrealProyects/Practica_IV/Content/StarterContent/Particles/Materials/M_explosion_subUV.uasset" 71
"../../../../../UnrealProyects/Practica_IV/Content/StarterContent/Particles/Materials/m_flare_01.uasset" 72
"../../../Engine/Content/Functions/Engine_MaterialFunctions01/Gradient/RadialGradient.uasset" 73
"../../../../../UnrealProyects/Practica_IV/Content/StarterContent/Particles/Materials/M_radial_ramp.uasset" 74
"../../../../../UnrealProyects/Practica_IV/Content/StarterContent/Textures/T_Smoke_SubUV.uasset" 75
"../../../../../UnrealProyects/Practica_IV/Content/StarterContent/Textures/T_Smoke_Tiled_D.uasset" 76
"../../../../../UnrealProyects/Practica_IV/Content/StarterContent/Particles/Materials/M_smoke_subUV.uasset" 77
"../../../../../UnrealProyects/Practica_IV/Content/StarterContent/Particles/P_Explosion.uasset" 78
"../../../../../UnrealProyects/Practica_IV/Content/StarterContent/Blueprints/Blueprint_Effect_Explosion.uasset" 79
"../../../Engine/Content/EditorMeshes/ColorCalibrator/T_ColorGrid.uasset" 80
"../../../../../UnrealProyects/Practica_IV/Content/StarterContent/Materials/M_ColorGrid_LowSpec.uasset" 81
"../../../../../UnrealProyects/Practica_IV/Content/StarterContent/Textures/T_Bush_D.uasset" 82
"../../../../../UnrealProyects/Practica_IV/Content/StarterContent/Textures/T_Bush_N.uasset" 83
"../../../../../UnrealProyects/Practica_IV/Content/StarterContent/Props/Materials/M_Bush.uasset" 84
"../../../../../UnrealProyects/Practica_IV/Content/StarterContent/Props/SM_Bush.uasset" 85
"../../../../../UnrealProyects/Practica_IV/Content/StarterContent/Textures/T_Chair_M.uasset" 86
"../../../../../UnrealProyects/Practica_IV/Content/StarterContent/Textures/T_Chair_N.uasset" 87
"../../../../../UnrealProyects/Practica_IV/Content/StarterContent/Props/Materials/M_Chair.uasset" 88
"../../../../../UnrealProyects/Practica_IV/Content/StarterContent/Props/SM_Couch.uasset" 89
"../../../../../UnrealProyects/Practica_IV/Content/StarterContent/Materials/M_Glass.uasset" 90
"../../../../../UnrealProyects/Practica_IV/Content/StarterContent/Textures/T_Door_M.uasset" 91
"../../../../../UnrealProyects/Practica_IV/Content/StarterContent/Textures/T_Door_N.uasset" 92
"../../../../../UnrealProyects/Practica_IV/Content/StarterContent/Props/Materials/M_Door.uasset" 93
"../../../../../UnrealProyects/Practica_IV/Content/StarterContent/Props/SM_Door.uasset" 94
"../../../../../UnrealProyects/Practica_IV/Content/StarterContent/Props/Materials/M_MaterialSphere.uasset" 95
"../../../../../UnrealProyects/Practica_IV/Content/StarterContent/Props/Materials/M_MaterialSphere_Plain.uasset" 96
"../../../../../UnrealProyects/Practica_IV/Content/StarterContent/Props/SM_MatPreviewMesh_02.uasset" 97
"../../../../../UnrealProyects/Practica_IV/Content/StarterContent/Textures/T_Detail_Rocky_N.uasset" 98
"../../../../../UnrealProyects/Practica_IV/Content/StarterContent/Textures/T_Rock_Basalt_D.uasset" 99
"../../../../../UnrealProyects/Practica_IV/Content/StarterContent/Textures/T_RockMesh_M.uasset" 100
"../../../../../UnrealProyects/Practica_IV/Content/StarterContent/Textures/T_RockMesh_N.uasset" 101
"../../../../../UnrealProyects/Practica_IV/Content/StarterContent/Props/Materials/M_Rock.uasset" 102
"../../../../../UnrealProyects/Practica_IV/Content/StarterContent/Props/SM_Rock.uasset" 103
"../../../../../UnrealProyects/Practica_IV/Content/StarterContent/Textures/T_Shelf_M.uasset" 104
"../../../../../UnrealProyects/Practica_IV/Content/StarterContent/Textures/T_Shelf_N.uasset" 105
"../../../../../UnrealProyects/Practica_IV/Content/StarterContent/Props/Materials/M_Shelf.uasset" 106
"../../../../../UnrealProyects/Practica_IV/Content/StarterContent/Props/SM_Shelf.uasset" 107
"../../../../../UnrealProyects/Practica_IV/Content/StarterContent/Materials/M_Basic_Floor.uasset" 108
"../../../../../UnrealProyects/Practica_IV/Content/StarterContent/Props/SM_Stairs.uasset" 109
"../../../../../UnrealProyects/Practica_IV/Content/StarterContent/Shapes/Shape_Cone.uasset" 110
"../../../../../UnrealProyects/Practica_IV/Content/StarterContent/Shapes/Shape_Cylinder.uasset" 111
"../../../../../UnrealProyects/Practica_IV/Content/StarterContent/Shapes/Shape_NarrowCapsule.uasset" 112
"../../../../../UnrealProyects/Practica_IV/Content/StarterContent/Shapes/Shape_Pipe.uasset" 113
"../../../../../UnrealProyects/Practica_IV/Content/StarterContent/Shapes/Shape_Pipe_180.uasset" 114
"../../../../../UnrealProyects/Practica_IV/Content/StarterContent/Shapes/Shape_Pipe_90.uasset" 115
"../../../../../UnrealProyects/Practica_IV/Content/StarterContent/Shapes/Shape_Plane.uasset" 116
"../../../../../UnrealProyects/Practica_IV/Content/StarterContent/Shapes/Shape_Torus.uasset" 117
"../../../../../UnrealProyects/Practica_IV/Content/StarterContent/Shapes/Shape_Trim.uasset" 118
"../../../../../UnrealProyects/Practica_IV/Content/StarterContent/Shapes/Shape_Trim_90_In.uasset" 119
"../../../../../UnrealProyects/Practica_IV/Content/StarterContent/Shapes/Shape_Trim_90_Out.uasset" 120
"../../../../../UnrealProyects/Practica_IV/Content/StarterContent/Shapes/Shape_TriPyramid.uasset" 121
"../../../../../UnrealProyects/Practica_IV/Content/StarterContent/Shapes/Shape_Tube.uasset" 122
"../../../../../UnrealProyects/Practica_IV/Content/StarterContent/Shapes/Shape_Wedge_A.uasset" 123
"../../../../../UnrealProyects/Practica_IV/Content/StarterContent/Shapes/Shape_Wedge_B.uasset" 124
"../../../../../UnrealProyects/Practica_IV/Content/StarterContent/Shapes/Shape_WideCapsule.uasset" 125
"../../../Engine/Content/Animation/DefaultAnimCurveCompressionSettings.uasset" 126
"../../../Engine/Content/Functions/Engine_MaterialFunctions01/Opacity/CameraDepthFade.uasset" 127
"../../../Engine/Content/EngineMaterials/T_Default_Material_Grid_M.uasset" 128
"../../../Engine/Content/EngineMaterials/T_Default_Material_Grid_N.uasset" 129
"../../../Engine/Content/EngineMaterials/WorldGridMaterial.uasset" 130
"../../../Engine/Content/ArtTools/RenderToTexture/Meshes/S_1_Unit_Plane.uasset" 131
"../../../Engine/Content/EditorLandscapeResources/DataLayer.uasset" 132
"../../../Engine/Content/EditorMaterials/GizmoMaterial.uasset" 133
"../../../Engine/Content/EditorMaterials/MAT_Groups_Toggle.uasset" 134
"../../../Engine/Content/EditorMaterials/MAT_Groups_Visibility.uasset" 135
"../../../Engine/Content/EditorMaterials/PreviewShadowIndicator.uasset" 136
"../../../Engine/Content/EditorMaterials/PreviewShadowIndicatorMaterial.uasset" 137
"../../../Engine/Content/EditorMaterials/MatineeGroups/MAT_ColorTrack.uasset" 138
"../../../Engine/Content/EditorMaterials/MatineeGroups/MAT_Groups_Anim.uasset" 139
"../../../Engine/Content/EditorMaterials/MatineeGroups/MAT_Groups_AudioMaster.uasset" 140
"../../../Engine/Content/EditorMaterials/MatineeGroups/MAT_Groups_Director.uasset" 141
"../../../Engine/Content/EditorMaterials/MatineeGroups/MAT_Groups_Event.uasset" 142
"../../../Engine/Content/EditorMaterials/MatineeGroups/MAT_Groups_Fade.uasset" 143
"../../../Engine/Content/EditorMaterials/MatineeGroups/MAT_Groups_Float.uasset" 144
"../../../Engine/Content/EditorMaterials/MatineeGroups/MAT_Groups_Move.uasset" 145
"../../../Engine/Content/EditorMaterials/MatineeGroups/MAT_Groups_Slomo.uasset" 146
"../../../Engine/Content/EditorMaterials/MatineeGroups/MAT_Groups_Sound.uasset" 147
"../../../Engine/Content/EditorMaterials/MatineeGroups/MAT_Groups_Vector.uasset" 148
"../../../Engine/Content/EditorMaterials/ParticleSystems/PSysThumbnail_NoImage.uasset" 149
"../../../Engine/Content/EditorMaterials/ParticleSystems/PSysThumbnail_OOD.uasset" 150
"../../../Engine/Content/EditorMaterials/Camera/CineMat.uasset" 151
"../../../Engine/Content/EditorMaterials/Camera/MI_CineMat_Rig.uasset" 152
"../../../Engine/Content/EditorMeshes/Camera/SM_CraneRig_Arm.uasset" 153
"../../../Engine/Content/EditorMeshes/Camera/SM_CraneRig_Base.uasset" 154
"../../../Engine/Content/EditorMeshes/Camera/SM_CraneRig_Body.uasset" 155
"../../../Engine/Content/EditorMeshes/Camera/SM_CraneRig_Mount.uasset" 156
"../../../Engine/Content/EditorMeshes/Camera/SM_RailRig_Mount.uasset" 157
"../../../Engine/Content/EditorMeshes/Camera/SM_RailRig_Track.uasset" 158
"../../../Engine/Content/EditorResources/BSPVertex.uasset" 159
"../../../Engine/Content/EditorResources/EmptyActor.uasset" 160
"../../../Engine/Content/EditorResources/S_Actor.uasset" 161
"../../../Engine/Content/EditorResources/S_Note.uasset" 162
"../../../Engine/Content/EditorResources/S_Solver.uasset" 163
"../../../Engine/Content/EditorResources/S_Trigger.uasset" 164
"../../../Engine/Content/EditorResources/AudioIcons/S_AudioComponent.uasset" 165
"../../../Engine/Content/EditorResources/AudioIcons/S_AudioComponent_AutoActivate.uasset" 166
"../../../Engine/Content/EditorResources/LightIcons/S_LightError.uasset" 167
"../../../Engine/Content/EditorResources/SequenceRecorder/Countdown.uasset" 168
"../../../Engine/Content/EditorResources/SequenceRecorder/RecordingIndicator.uasset" 169
"../../../Engine/Content/EditorSounds/Notifications/CompileFailed.uasset" 170
"../../../Engine/Content/EditorSounds/Notifications/CompileFailed_Cue.uasset" 171
"../../../Engine/Content/EditorSounds/Notifications/CompileSuccess.uasset" 172
"../../../Engine/Content/EditorSounds/Notifications/CompileStart_Cue.uasset" 173
"../../../Engine/Content/EditorSounds/Notifications/CompileSuccess_Cue.uasset" 174
"../../../Engine/Content/EngineDamageTypes/DmgTypeBP_Environmental.uasset" 175
"../../../Engine/Content/EngineDebugMaterials/HeatmapGradient.uasset" 176
"../../../Engine/Content/EngineDebugMaterials/BoneWeightMaterial.uasset" 177
"../../../Engine/Content/EngineDebugMaterials/ClothMaterial.uasset" 178
"../../../Engine/Content/EngineDebugMaterials/ClothMaterial_WF.uasset" 179
"../../../Engine/Content/EngineDebugMaterials/DebugEditorMaterial.uasset" 180
"../../../Engine/Content/EngineDebugMaterials/DebugMeshMaterial.uasset" 181
"../../../Engine/Content/EngineDebugMaterials/GeomMaterial.uasset" 182
"../../../Engine/Content/EngineDebugMaterials/M_SimpleTranslucent.uasset" 183
"../../../Engine/Content/Functions/Engine_MaterialFunctions02/Utility/CameraDirectionVector.uasset" 184
"../../../Engine/Content/EngineDebugMaterials/VolumeToRender.uasset" 185
"../../../Engine/Content/EngineDebugMaterials/M_VolumeRenderSphereTracePP.uasset" 186
"../../../Engine/Content/EngineDebugMaterials/WireframeMaterial.uasset" 187
"../../../Engine/Content/EngineFonts/Faces/RobotoBold.uasset" 188
"../../../Engine/Content/EngineFonts/Faces/RobotoBoldItalic.uasset" 189
"../../../Engine/Content/EngineFonts/Faces/RobotoItalic.uasset" 190
"../../../Engine/Content/EngineFonts/Faces/RobotoLight.uasset" 191
"../../../Engine/Content/EngineFonts/Faces/RobotoRegular.uasset" 192
"../../../Engine/Content/EngineFonts/Roboto.uasset" 193
"../../../Engine/Content/EngineMaterials/BaseFlattenDiffuseMap.uasset" 194
"../../../Engine/Content/EngineMaterials/BaseFlattenEmissiveMap.uasset" 195
"../../../Engine/Content/EngineMaterials/BaseFlattenGrayscaleMap.uasset" 196
"../../../Engine/Content/EngineMaterials/BaseFlattenNormalMap.uasset" 197
"../../../Engine/Content/EngineMaterials/BaseFlattenMaterial.uasset" 198
"../../../Engine/Content/EngineMaterials/BlueNoise.uasset" 199
"../../../Engine/Content/EngineMaterials/DefaultBloomKernel.uasset" 200
"../../../Engine/Content/EngineMaterials/DefaultBokeh.uasset" 201
"../../../Engine/Content/EngineMaterials/DefaultDiffuse.uasset" 202
"../../../Engine/Content/EngineMaterials/DefaultDeferredDecalMaterial.uasset" 203
"../../../Engine/Content/EngineMaterials/DefaultLightFunctionMaterial.uasset" 204
"../../../Engine/Content/EngineMaterials/DefaultPhysicalMaterial.uasset" 205
"../../../Engine/Content/Functions/Engine_MaterialFunctions02/Utility/BreakOutFloat2Components.uasset" 206
"../../../Engine/Content/EngineMaterials/DefaultPostProcessMaterial.uasset" 207
"../../../Engine/Content/EngineFonts/RobotoDistanceField.uasset" 208
"../../../Engine/Content/EngineMaterials/DefaultTextMaterialOpaque.uasset" 209
"../../../Engine/Content/EngineMaterials/DefaultVirtualTextureMaterial.uasset" 210
"../../../Engine/Content/EngineMaterials/DefaultWhiteGrid.uasset" 211
"../../../Engine/Content/EngineMaterials/EditorBrushMaterial.uasset" 212
"../../../Engine/Content/EngineMaterials/DefaultWhiteGrid_Low.uasset" 213
"../../../Engine/Content/EngineMaterials/EmissiveMeshMaterial.uasset" 214
"../../../Engine/Content/EngineMaterials/Good64x64TilingNoiseHighFreq.uasset" 215
"../../../Engine/Content/EngineMaterials/MiniFont.uasset" 216
"../../../Engine/Content/EngineMaterials/InvalidLightmapSettings.uasset" 217
"../../../Engine/Content/EngineMaterials/M_InvalidLightmapSettings.uasset" 218
"../../../Engine/Content/Functions/Engine_MaterialFunctions02/WorldPositionOffset/CameraOffset.uasset" 219
"../../../Engine/Content/EngineMaterials/PhAT_JointLimitMaterial.uasset" 220
"../../../Engine/Content/EngineMaterials/PreintegratedSkinBRDF.uasset" 221
"../../../Engine/Content/EngineMaterials/RemoveSurfaceMaterial.uasset" 222
"../../../Engine/Content/EngineMaterials/WeightMapPlaceholderTexture.uasset" 223
"../../../Engine/Content/EngineResources/WhiteSquareTexture.uasset" 224
"../../../Engine/Content/EngineMaterials/Widget3DPassThrough.uasset" 225
"../../../Engine/Content/EngineMaterials/Widget3DPassThrough_Masked.uasset" 226
"../../../Engine/Content/EngineMaterials/Widget3DPassThrough_Opaque.uasset" 227
"../../../Engine/Content/EngineMaterials/Widget3DPassThrough_Masked_OneSided.uasset" 228
"../../../Engine/Content/EngineMaterials/Widget3DPassThrough_Opaque_OneSided.uasset" 229
"../../../Engine/Content/EngineMaterials/Widget3DPassThrough_Translucent.uasset" 230
"../../../Engine/Content/EngineMaterials/Widget3DPassThrough_Translucent_OneSided.uasset" 231
"../../../Engine/Content/EngineMaterials/DefaultMaterial.uasset" 232
"../../../Engine/Content/EngineMeshes/Cylinder.uasset" 233
"../../../Engine/Content/EngineMeshes/Sphere.uasset" 234
"../../../Engine/Content/EngineResources/Black.uasset" 235
"../../../Engine/Content/EngineResources/DefaultTexture.uasset" 236
"../../../Engine/Content/EngineResources/DefaultTextureCube.uasset" 237
"../../../Engine/Content/EngineResources/DefaultVolumeTexture2D.uasset" 238
"../../../Engine/Content/EngineResources/DefaultVolumeTexture.uasset" 239
"../../../Engine/Content/EngineResources/GradientTexture0.uasset" 240
"../../../Engine/Content/EngineSounds/Master.uasset" 241
"../../../Engine/Content/Functions/Engine_MaterialFunctions01/Shading/ConvertFromDiffSpec.uasset" 242
"../../../Engine/Content/Functions/Engine_MaterialFunctions01/Shading/PowerToRoughness.uasset" 243
"../../../Engine/Content/Maps/Templates/Thumbnails/Default.uasset" 244
"../../../Engine/Content/Maps/Templates/Thumbnails/VR-Basic.uasset" 245
"../../../Engine/Content/MobileResources/T_MobileControls_texture.uasset" 246
"../../../Engine/Content/MobileResources/T_MobileMenu2.uasset" 247
"../../../Engine/Content/MobileResources/HUD/AnalogHat.uasset" 248
"../../../Engine/Content/MobileResources/HUD/VirtualJoystick_Background.uasset" 249
"../../../Engine/Content/MobileResources/HUD/VirtualJoystick_Thumb.uasset" 250
"../../../Engine/Content/MobileResources/HUD/DefaultVirtualJoysticks.uasset" 251
"../../../Engine/Content/MobileResources/HUD/LeftVirtualJoystickOnly.uasset" 252
"../../../Engine/Content/MobileResources/HUD/MobileHUDButton1_off.uasset" 253
"../../../Engine/Content/MobileResources/HUD/MobileHUDButton1_on.uasset" 254
"../../../Engine/Content/MobileResources/HUD/MobileHUDButton2_off.uasset" 255
"../../../Engine/Content/MobileResources/HUD/MobileHUDButton2_on.uasset" 256
"../../../Engine/Content/MobileResources/HUD/MobileHUDButton3.uasset" 257
"../../../Engine/Content/MobileResources/HUD/MobileHUDButtonFire.uasset" 258
"../../../Engine/Content/MobileResources/HUD/MobileHUDDirectionPad.uasset" 259
"../../../Engine/Content/MobileResources/HUD/MobileHUDDirectionPad2.uasset" 260
"../../../Engine/Content/MobileResources/HUD/MobileHUDDirectionPad3.uasset" 261
"../../../Engine/Content/MobileResources/HUD/MobileHUDDirectionStick.uasset" 262
"../../../Engine/Content/MobileResources/HUD/T_Castle_ThumbstickInner.uasset" 263
"../../../Engine/Content/MobileResources/HUD/T_Castle_ThumbstickOutter.uasset" 264
"../../../Engine/Content/Tutorial/ContentIntroCurve.uasset" 265
"../../../Engine/Content/Tutorial/Basics/LevelEditorAttract.uasset" 266
"../../../Engine/Content/Tutorial/Basics/TutorialAssets/icon_tab_Levels_40x.uasset" 267
"../../../Engine/Content/Tutorial/Basics/LevelEditorOverview.uasset" 268
"../../../Engine/Content/Tutorial/BlueprintTutorials/TutorialAssets/Blueprint_64x.uasset" 269
"../../../Engine/Content/Tutorial/BlueprintTutorials/BlueprintEditorTutorial.uasset" 270
"../../../Engine/Content/Tutorial/BlueprintTutorials/LevelBlueprintEditorOverview.uasset" 271
"../../../Engine/Content/VREditor/LaserPointer/VR_LaserPower_01.uasset" 272
"../../../Engine/Content/VREditor/TransformGizmo/TransformGizmoMaterial.uasset" 273
"../../../Engine/Content/VREditor/TransformGizmo/TranslucentTransformGizmoMaterial.uasset" 274
"../../../Engine/Content/VREditor/TransformGizmo/BoundingBoxCorner.uasset" 275
"../../../Engine/Content/VREditor/TransformGizmo/BoundingBoxEdge.uasset" 276
"../../../Engine/Content/VREditor/TransformGizmo/PlaneTranslationHandle.uasset" 277
"../../../Engine/Content/VREditor/TransformGizmo/Main.uasset" 278
"../../../Engine/Content/VREditor/TransformGizmo/Xray.uasset" 279
"../../../Engine/Content/VREditor/TransformGizmo/SM_Sequencer_Key.uasset" 280
"../../../Engine/Content/VREditor/TransformGizmo/SM_Sequencer_Node.uasset" 281
"../../Plugins/2D/Paper2D/Content/PlaceholderTextures/DummySpriteTexture.uasset" 282
"../../Plugins/2D/Paper2D/Content/DummySprite.uasset" 283
"../../Plugins/2D/Paper2D/Content/DefaultPaperTerrainMaterial.uasset" 284
"../../Plugins/2D/Paper2D/Content/DummySpriteTexture.uasset" 285
"../../Plugins/2D/Paper2D/Content/DefaultSpriteMaterial.uasset" 286
"../../Plugins/2D/Paper2D/Content/MaskedUnlitSpriteMaterial.uasset" 287
"../../Plugins/2D/Paper2D/Content/OpaqueUnlitSpriteMaterial.uasset" 288
"../../Plugins/Runtime/Oculus/OculusVR/Content/OculusMR_RenderTarget.uasset" 289
"../../../Engine/Content/Functions/Engine_MaterialFunctions02/Utility/BreakOutFloat4Components.uasset" 290
"../../../Engine/Content/Functions/Engine_MaterialFunctions02/Utility/MakeFloat2.uasset" 291
"../../../Engine/Content/Functions/Engine_MaterialFunctions02/Utility/MakeFloat3.uasset" 292
"../../Plugins/Runtime/Oculus/OculusVR/Content/Materials/OculusMR_ChromaKey.uasset" 293
"../../Plugins/Runtime/Oculus/OculusVR/Content/Materials/OculusMR_ChromaKey_Lit.uasset" 294
"../../Plugins/Runtime/Oculus/OculusVR/Content/Materials/OculusMR_OpaqueColoredMaterial.uasset" 295
"../../Plugins/Runtime/Oculus/OculusVR/Content/Materials/OculusMR_WhiteMaterial.uasset" 296
"../../../Engine/Content/EngineSky/C_Sky_Cloud_Color.uasset" 297
"../../../Engine/Content/EngineSky/C_Sky_Horizon_Color.uasset" 298
"../../../Engine/Content/EngineSky/C_Sky_Zenith_Color.uasset" 299
"../../../Engine/Content/EngineSky/T_Sky_Blue.uasset" 300
"../../../Engine/Content/EngineSky/T_Sky_Clouds_M.uasset" 301
"../../../Engine/Content/EngineSky/T_Sky_Stars.uasset" 302
"../../../Engine/Content/EngineSky/M_Sky_Panning_Clouds2.uasset" 303
"../../../Engine/Content/EngineSky/SM_SkySphere.uasset" 304
"../../../Engine/Content/EngineSky/BP_Sky_Sphere.uasset" 305
"../../../Engine/Content/BasicShapes/BasicShapeMaterial.uasset" 306
"../../../Engine/Content/BasicShapes/Cube.uasset" 307
"../../../Engine/Content/BasicShapes/Sphere.uasset" 308
"../../../../../UnrealProyects/Practica_IV/Content/SideScrollerBP/Blueprints/BP_ActivateHeal.uasset" 309
"../../../Engine/Content/VREditor/Sounds/UI/Flashlight_Switch.uasset" 310
"../../../../../UnrealProyects/Practica_IV/Content/SideScrollerBP/Blueprints/BP_InterruptorVida_Block.uasset" 311
"../../../../../UnrealProyects/Practica_IV/Content/Geometry/Meshes/1M_Cube.uasset" 312
"../../../../../UnrealProyects/Practica_IV/Content/SideScrollerBP/Blueprints/BP_BlockAyuda.uasset" 313
"../../../../../UnrealProyects/Practica_IV/Content/StarterContent/Textures/T_CobbleStone_Rough_D.uasset" 314
"../../../../../UnrealProyects/Practica_IV/Content/StarterContent/Textures/T_CobbleStone_Rough_N.uasset" 315
"../../../../../UnrealProyects/Practica_IV/Content/StarterContent/Textures/T_Gradinet_01.uasset" 316
"../../../../../UnrealProyects/Practica_IV/Content/StarterContent/Textures/T_Rock_Smooth_Granite_D.uasset" 317
"../../../../../UnrealProyects/Practica_IV/Content/StarterContent/Materials/M_CobbleStone_Rough.uasset" 318
"../../../../../UnrealProyects/Practica_IV/Content/StarterContent/Audio/Explosion01.uasset" 319
"../../../../../UnrealProyects/Practica_IV/Content/StarterContent/Audio/Explosion01_Cue.uasset" 320
"../../../../../UnrealProyects/Practica_IV/Content/SideScrollerBP/Blueprints/BP_Bomba.uasset" 321
"../../../Engine/Content/VREditor/Sounds/UI/Foliage_Placed.uasset" 322
"../../../../../UnrealProyects/Practica_IV/Content/StarterContent/Textures/T_Fire_SubUV.uasset" 323
"../../../../../UnrealProyects/Practica_IV/Content/StarterContent/Textures/T_Fire_Tiled_D.uasset" 324
"../../../../../UnrealProyects/Practica_IV/Content/StarterContent/Particles/Materials/M_Fire_SubUV.uasset" 325
"../../../../../UnrealProyects/Practica_IV/Content/StarterContent/Textures/T_Water_N.uasset" 326
"../../../../../UnrealProyects/Practica_IV/Content/StarterContent/Particles/Materials/M_Heat_Distortion.uasset" 327
"../../../../../UnrealProyects/Practica_IV/Content/StarterContent/Particles/Materials/M_Radial_Gradient.uasset" 328
"../../../../../UnrealProyects/Practica_IV/Content/StarterContent/Particles/P_Fire.uasset" 329
"../../../../../UnrealProyects/Practica_IV/Content/SideScrollerBP/Blueprints/BP_Fuego.uasset" 330
"../../../../../UnrealProyects/Practica_IV/Content/SideScrollerBP/Blueprints/BP_Interruptor.uasset" 331
"../../../../../UnrealProyects/Practica_IV/Content/StarterContent/Textures/T_MacroVariation.uasset" 332
"../../../../../UnrealProyects/Practica_IV/Content/StarterContent/Textures/T_Perlin_Noise_M.uasset" 333
"../../../../../UnrealProyects/Practica_IV/Content/StarterContent/Textures/T_Wood_Pine_D.uasset" 334
"../../../../../UnrealProyects/Practica_IV/Content/StarterContent/Textures/T_Wood_Pine_N.uasset" 335
"../../../../../UnrealProyects/Practica_IV/Content/StarterContent/Materials/M_Wood_Pine.uasset" 336
"../../../Engine/Content/VREditor/Sounds/UI/Object_PickUp.uasset" 337
"../../../../../UnrealProyects/Practica_IV/Content/SideScrollerBP/Blueprints/BP_LaunchPad.uasset" 338
"../../../../../UnrealProyects/Practica_IV/Content/SideScrollerBP/Blueprints/BP_LedgeVida.uasset" 339
"../../../../../UnrealProyects/Practica_IV/Content/StarterContent/Materials/M_Metal_Brushed_Nickel.uasset" 340
"../../../Engine/Content/BasicShapes/Cylinder.uasset" 341
"../../../../../UnrealProyects/Practica_IV/Content/SideScrollerBP/Blueprints/Audio/Coin-pick-up-sound-effect.uasset" 342
"../../../../../UnrealProyects/Practica_IV/Content/SideScrollerBP/Blueprints/Audio/coin_pickup.uasset" 343
"../../../../../UnrealProyects/Practica_IV/Content/SideScrollerBP/Blueprints/BP_moneda.uasset" 344
"../../Plugins/Enterprise/DatasmithContent/Content/Materials/FBXImporter/VRED/VREDRepeatMode.uasset" 345
"../../../Engine/Content/Functions/Engine_MaterialFunctions02/WorldPositionOffset/LocalPosition.uasset" 346
"../../Plugins/Enterprise/DatasmithContent/Content/Materials/FBXImporter/VRED/PlanarMapping.uasset" 347
"../../../Engine/Content/Functions/Engine_MaterialFunctions01/Texturing/FlattenNormal.uasset" 348
"../../Plugins/Enterprise/DatasmithContent/Content/Materials/FBXImporter/VRED/ProcessNormal.uasset" 349
"../../../Engine/Content/Functions/Engine_MaterialFunctions02/Texturing/CustomRotator.uasset" 350
"../../../Engine/Content/Functions/Engine_MaterialFunctions02/Utility/VectorLength.uasset" 351
"../../../Engine/Content/Functions/Engine_MaterialFunctions02/WorldPositionOffset/ObjectScale.uasset" 352
"../../Plugins/Enterprise/DatasmithContent/Content/Materials/FBXImporter/VRED/TriplanarMapping.uasset" 353
"../../Plugins/Enterprise/DatasmithContent/Content/Materials/FBXImporter/VRED/UVMapping.uasset" 354
"../../Plugins/Enterprise/DatasmithContent/Content/Materials/FBXImporter/VRED/VREDTextureRead.uasset" 355
"../../../Engine/Content/Functions/Engine_MaterialFunctions01/Texturing/BakedDisplacement.uasset" 356
"../../../Engine/Content/Functions/Engine_MaterialFunctions02/Fresnel_Function.uasset" 357
"../../Plugins/Enterprise/DatasmithContent/Content/Materials/FBXImporter/VRED/BrushedMetal.uasset" 358
"../../../Engine/Content/BasicShapes/Cone.uasset" 359
"../../../../../UnrealProyects/Practica_IV/Content/SideScrollerBP/Blueprints/BP_Pinchos.uasset" 360
"../../../../../UnrealProyects/Practica_IV/Content/SideScrollerBP/Blueprints/BP_PlataformaFinal.uasset" 361
"../../../../../UnrealProyects/Practica_IV/Content/SideScrollerBP/Blueprints/Audio/pokemon-healing.uasset" 362
"../../../../../UnrealProyects/Practica_IV/Content/SideScrollerBP/Blueprints/Audio/pokemon-healing_Cue.uasset" 363
"../../../../../UnrealProyects/Practica_IV/Content/SideScrollerBP/Blueprints/BP_PocionVida.uasset" 364
"../../../../../UnrealProyects/Practica_IV/Content/SideScrollerBP/Blueprints/BP_LevelCompleteIU.uasset" 365
"../../../../../UnrealProyects/Practica_IV/Content/SideScrollerBP/Blueprints/BP_Portal.uasset" 366
"../../../../../UnrealProyects/Practica_IV/Content/StarterContent/Materials/M_Metal_Chrome.uasset" 367
"../../../Engine/Content/EditorSounds/GamePreview/EjectFromPlayer.uasset" 368
"../../../../../UnrealProyects/Practica_IV/Content/SideScrollerBP/Blueprints/BP_SpeedBoost.uasset" 369
"../../../Engine/Content/BasicShapes/Plane.uasset" 370
"../../../../../UnrealProyects/Practica_IV/Content/SideScrollerBP/Blueprints/BP_ZonaCuracion.uasset" 371
"../../../../../UnrealProyects/Practica_IV/Content/SideScrollerBP/Maps/SideScrollerExampleMap_BuiltData.uasset" 372
"../../../Engine/Content/VREditor/UI/KeyMaterial.uasset" 373
"../../../../../UnrealProyects/Practica_IV/Content/StarterContent/Textures/T_Brick_Clay_New_D.uasset" 374
"../../../../../UnrealProyects/Practica_IV/Content/StarterContent/Textures/T_Brick_Clay_New_M.uasset" 375
"../../../../../UnrealProyects/Practica_IV/Content/StarterContent/Textures/T_Brick_Clay_New_N.uasset" 376
"../../../../../UnrealProyects/Practica_IV/Content/StarterContent/Materials/M_Brick_Clay_New.uasset" 377
"../../../../../UnrealProyects/Practica_IV/Content/StarterContent/Textures/T_Brick_Clay_Old_D.uasset" 378
"../../../../../UnrealProyects/Practica_IV/Content/StarterContent/Textures/T_Brick_Clay_Old_N.uasset" 379
"../../../../../UnrealProyects/Practica_IV/Content/StarterContent/Materials/M_Brick_Clay_Old.uasset" 380
"../../../../../UnrealProyects/Practica_IV/Content/Geometry/Meshes/TemplateFloor.uasset" 381
"../../../../../UnrealProyects/Practica_IV/Content/SideScrollerBP/Blueprints/Audio/Maplestory_Soundtrack_-_Kerning_City.uasset" 382
"../../../../../UnrealProyects/Practica_IV/Content/SideScrollerBP/Blueprints/Audio/maplestory_backgroundmusic.uasset" 383
"../../../../../UnrealProyects/Practica_IV/Content/SideScrollerBP/Maps/SideScrollerExampleMap.umap" 384
"../../../../../UnrealProyects/Practica_IV/Content/StarterContent/Blueprints/Assets/FogBrightnessLUT.uasset" 385
"../../../../../UnrealProyects/Practica_IV/Content/StarterContent/Blueprints/Assets/SunlightColorLUT.uasset" 386
"../../../../../UnrealProyects/Practica_IV/Content/StarterContent/Blueprints/Assets/M_LightStage_Arrows.uasset" 387
"../../../Engine/Content/MapTemplates/Sky/DaylightAmbientCubemap.uasset" 388
"../../../../../UnrealProyects/Practica_IV/Content/StarterContent/Blueprints/Assets/M_LightStage_Skybox_Master.uasset" 389
"../../../../../UnrealProyects/Practica_IV/Content/StarterContent/Blueprints/Assets/M_LightStage_Skybox_Black.uasset" 390
"../../../../../UnrealProyects/Practica_IV/Content/StarterContent/Blueprints/Assets/M_LightStage_Skybox_HDRI.uasset" 391
"../../../Engine/Content/EditorMaterials/Thumbnails/SkySphereMaterial.uasset" 392
"../../../../../UnrealProyects/Practica_IV/Content/StarterContent/Blueprints/Assets/Skybox.uasset" 393
"../../../../../UnrealProyects/Practica_IV/Content/StarterContent/Blueprints/Assets/SM_Arrows.uasset" 394
"../../../../../UnrealProyects/Practica_IV/Content/StarterContent/HDRI/HDRI_Epic_Courtyard_Daylight.uasset" 395
"../../../../../UnrealProyects/Practica_IV/Content/StarterContent/Blueprints/BP_LightStudio.uasset" 396
"../../../../../UnrealProyects/Practica_IV/Content/StarterContent/Maps/Advanced_Lighting_BuiltData.uasset" 397
"../../../../../UnrealProyects/Practica_IV/Content/StarterContent/Materials/M_AssetPlatform.uasset" 398
"../../../Engine/Content/EditorMeshes/ColorCalibrator/M_ChromeBall.uasset" 399
"../../../Engine/Content/EditorMeshes/ColorCalibrator/M_ClearCoat.uasset" 400
"../../../Engine/Content/EditorMeshes/ColorCalibrator/M_ClearCoatBlack.uasset" 401
"../../../Engine/Content/EditorMeshes/ColorCalibrator/Color_checker.uasset" 402
"../../../Engine/Content/EditorMeshes/ColorCalibrator/M_ColorGrid.uasset" 403
"../../../Engine/Content/EditorMeshes/ColorCalibrator/M_GreyBall.uasset" 404
"../../../Engine/Content/EditorMeshes/ColorCalibrator/SM_ColorCalibrator.uasset" 405
"../../../../../UnrealProyects/Practica_IV/Content/StarterContent/Architecture/SM_AssetPlatform.uasset" 406
"../../../../../UnrealProyects/Practica_IV/Content/StarterContent/Maps/Advanced_Lighting.umap" 407
"../../../../../UnrealProyects/Practica_IV/Content/StarterContent/Maps/Minimal_Default_BuiltData.uasset" 408
"../../../../../UnrealProyects/Practica_IV/Content/StarterContent/Textures/T_Metal_Aluminum_D.uasset" 409
"../../../../../UnrealProyects/Practica_IV/Content/StarterContent/Textures/T_Metal_Gold_N.uasset" 410
"../../../../../UnrealProyects/Practica_IV/Content/StarterContent/Materials/M_Metal_Burnished_Steel.uasset" 411
"../../../../../UnrealProyects/Practica_IV/Content/StarterContent/Textures/T_Metal_Copper_D.uasset" 412
"../../../../../UnrealProyects/Practica_IV/Content/StarterContent/Materials/M_Metal_Copper.uasset" 413
"../../../../../UnrealProyects/Practica_IV/Content/StarterContent/Textures/T_Statue_M.uasset" 414
"../../../../../UnrealProyects/Practica_IV/Content/StarterContent/Textures/T_Statue_N.uasset" 415
"../../../../../UnrealProyects/Practica_IV/Content/StarterContent/Props/Materials/M_StatueGlass.uasset" 416
"../../../../../UnrealProyects/Practica_IV/Content/StarterContent/Architecture/Floor_400x400.uasset" 417
"../../../../../UnrealProyects/Practica_IV/Content/StarterContent/Audio/Starter_Background_Cue.uasset" 418
"../../../../../UnrealProyects/Practica_IV/Content/StarterContent/Props/SM_Chair.uasset" 419
"../../../../../UnrealProyects/Practica_IV/Content/StarterContent/Props/Materials/M_Statue.uasset" 420
"../../../../../UnrealProyects/Practica_IV/Content/StarterContent/Props/SM_Statue.uasset" 421
"../../../../../UnrealProyects/Practica_IV/Content/StarterContent/Textures/T_TableRound_M.uasset" 422
"../../../../../UnrealProyects/Practica_IV/Content/StarterContent/Textures/T_TableRound_N.uasset" 423
"../../../../../UnrealProyects/Practica_IV/Content/StarterContent/Props/Materials/M_TableRound.uasset" 424
"../../../../../UnrealProyects/Practica_IV/Content/StarterContent/Props/SM_TableRound.uasset" 425
"../../../../../UnrealProyects/Practica_IV/Content/StarterContent/Maps/Minimal_Default.umap" 426
"../../../../../UnrealProyects/Practica_IV/Content/StarterContent/Audio/Fire01_Cue.uasset" 427
"../../../../../UnrealProyects/Practica_IV/Content/StarterContent/Blueprints/Blueprint_Effect_Fire.uasset" 428
"../../../../../UnrealProyects/Practica_IV/Content/StarterContent/Audio/Smoke01_Cue.uasset" 429
"../../../../../UnrealProyects/Practica_IV/Content/StarterContent/Particles/P_Smoke.uasset" 430
"../../../../../UnrealProyects/Practica_IV/Content/StarterContent/Blueprints/Blueprint_Effect_Smoke.uasset" 431
"../../../../../UnrealProyects/Practica_IV/Content/StarterContent/Audio/Fire_Sparks01_Cue.uasset" 432
"../../../../../UnrealProyects/Practica_IV/Content/StarterContent/Textures/T_Spark_Core.uasset" 433
"../../../../../UnrealProyects/Practica_IV/Content/StarterContent/Particles/Materials/M_Spark.uasset" 434
"../../../../../UnrealProyects/Practica_IV/Content/StarterContent/Particles/P_Sparks.uasset" 435
"../../../../../UnrealProyects/Practica_IV/Content/StarterContent/Blueprints/Blueprint_Effect_Sparks.uasset" 436
"../../../../../UnrealProyects/Practica_IV/Content/StarterContent/Audio/Steam01_Cue.uasset" 437
"../../../../../UnrealProyects/Practica_IV/Content/StarterContent/Particles/P_Steam_Lit.uasset" 438
"../../../../../UnrealProyects/Practica_IV/Content/StarterContent/Blueprints/Blueprint_Effect_Steam.uasset" 439
"../../../../../UnrealProyects/Practica_IV/Content/StarterContent/Textures/T_Lamp_M.uasset" 440
"../../../../../UnrealProyects/Practica_IV/Content/StarterContent/Textures/T_Lamp_N.uasset" 441
"../../../../../UnrealProyects/Practica_IV/Content/StarterContent/Props/Materials/M_Lamp.uasset" 442
"../../../../../UnrealProyects/Practica_IV/Content/StarterContent/Props/SM_Lamp_Ceiling.uasset" 443
"../../../../../UnrealProyects/Practica_IV/Content/StarterContent/Blueprints/Blueprint_CeilingLight.uasset" 444
"../../../../../UnrealProyects/Practica_IV/Content/StarterContent/Props/SM_Lamp_Wall.uasset" 445
"../../../../../UnrealProyects/Practica_IV/Content/StarterContent/Blueprints/Blueprint_WallSconce.uasset" 446
"../../../../../UnrealProyects/Practica_IV/Content/StarterContent/Maps/StarterMap_BuiltData.uasset" 447
"../../../Engine/Content/Functions/Engine_MaterialFunctions03/Procedurals/ComputeFilterWidth.uasset" 448
"../../../Engine/Content/EngineMaterials/AntiAliasedTextMaterialTranslucent.uasset" 449
"../../../../../UnrealProyects/Practica_IV/Content/StarterContent/Textures/T_Brick_Clay_Beveled_D.uasset" 450
"../../../../../UnrealProyects/Practica_IV/Content/StarterContent/Textures/T_Brick_Clay_Beveled_M.uasset" 451
"../../../../../UnrealProyects/Practica_IV/Content/StarterContent/Textures/T_Brick_Clay_Beveled_N.uasset" 452
"../../../../../UnrealProyects/Practica_IV/Content/StarterContent/Materials/M_Brick_Clay_Beveled.uasset" 453
"../../../../../UnrealProyects/Practica_IV/Content/StarterContent/Textures/T_Brick_Cut_Stone_D.uasset" 454
"../../../../../UnrealProyects/Practica_IV/Content/StarterContent/Textures/T_Brick_Cut_Stone_N.uasset" 455
"../../../../../UnrealProyects/Practica_IV/Content/StarterContent/Materials/M_Brick_Cut_Stone.uasset" 456
"../../../../../UnrealProyects/Practica_IV/Content/StarterContent/Textures/T_Brick_Hewn_Stone_D.uasset" 457
"../../../../../UnrealProyects/Practica_IV/Content/StarterContent/Textures/T_Brick_Hewn_Stone_M.uasset" 458
"../../../../../UnrealProyects/Practica_IV/Content/StarterContent/Textures/T_Brick_Hewn_Stone_N.uasset" 459
"../../../../../UnrealProyects/Practica_IV/Content/StarterContent/Materials/M_Brick_Hewn_Stone.uasset" 460
"../../../../../UnrealProyects/Practica_IV/Content/StarterContent/Textures/T_Ceramic_Tile_M.uasset" 461
"../../../../../UnrealProyects/Practica_IV/Content/StarterContent/Textures/T_Ceramic_Tile_N.uasset" 462
"../../../../../UnrealProyects/Practica_IV/Content/StarterContent/Textures/T_Rock_Marble_Polished_D.uasset" 463
"../../../../../UnrealProyects/Practica_IV/Content/StarterContent/Materials/M_Ceramic_Tile_Checker.uasset" 464
"../../../../../UnrealProyects/Practica_IV/Content/StarterContent/Textures/T_CobbleStone_Pebble_D.uasset" 465
"../../../../../UnrealProyects/Practica_IV/Content/StarterContent/Textures/T_CobbleStone_Pebble_M.uasset" 466
"../../../../../UnrealProyects/Practica_IV/Content/StarterContent/Textures/T_CobbleStone_Pebble_N.uasset" 467
"../../../../../UnrealProyects/Practica_IV/Content/StarterContent/Materials/M_CobbleStone_Pebble.uasset" 468
"../../../../../UnrealProyects/Practica_IV/Content/StarterContent/Textures/T_CobbleStone_Smooth_D.uasset" 469
"../../../../../UnrealProyects/Practica_IV/Content/StarterContent/Textures/T_CobbleStone_Smooth_M.uasset" 470
"../../../../../UnrealProyects/Practica_IV/Content/StarterContent/Textures/T_CobbleStone_Smooth_N.uasset" 471
"../../../../../UnrealProyects/Practica_IV/Content/StarterContent/Materials/M_CobbleStone_Smooth.uasset" 472
"../../../../../UnrealProyects/Practica_IV/Content/StarterContent/Textures/T_Concrete_Grime_D.uasset" 473
"../../../../../UnrealProyects/Practica_IV/Content/StarterContent/Textures/T_Metal_Rust_N.uasset" 474
"../../../../../UnrealProyects/Practica_IV/Content/StarterContent/Materials/M_Concrete_Grime.uasset" 475
"../../../../../UnrealProyects/Practica_IV/Content/StarterContent/Textures/T_Concrete_Panels_D.uasset" 476
"../../../../../UnrealProyects/Practica_IV/Content/StarterContent/Textures/T_Concrete_Panels_N.uasset" 477
"../../../../../UnrealProyects/Practica_IV/Content/StarterContent/Materials/M_Concrete_Panels.uasset" 478
"../../../../../UnrealProyects/Practica_IV/Content/StarterContent/Textures/T_Concrete_Poured_D.uasset" 479
"../../../../../UnrealProyects/Practica_IV/Content/StarterContent/Textures/T_Concrete_Poured_N.uasset" 480
"../../../../../UnrealProyects/Practica_IV/Content/StarterContent/Materials/M_Concrete_Poured.uasset" 481
"../../../../../UnrealProyects/Practica_IV/Content/StarterContent/Textures/T_Concrete_Tiles_D.uasset" 482
"../../../../../UnrealProyects/Practica_IV/Content/StarterContent/Textures/T_Concrete_Tiles_M.uasset" 483
"../../../../../UnrealProyects/Practica_IV/Content/StarterContent/Textures/T_Concrete_Tiles_N.uasset" 484
"../../../../../UnrealProyects/Practica_IV/Content/StarterContent/Textures/T_Concrete_Tiles_Variation_M.uasset" 485
"../../../../../UnrealProyects/Practica_IV/Content/StarterContent/Materials/M_Concrete_Tiles.uasset" 486
"../../../../../UnrealProyects/Practica_IV/Content/StarterContent/Textures/T_Ground_Grass_D.uasset" 487
"../../../../../UnrealProyects/Practica_IV/Content/StarterContent/Textures/T_Ground_Grass_N.uasset" 488
"../../../../../UnrealProyects/Practica_IV/Content/StarterContent/Materials/M_Ground_Grass.uasset" 489
"../../../../../UnrealProyects/Practica_IV/Content/StarterContent/Textures/T_Ground_Gravel_D.uasset" 490
"../../../../../UnrealProyects/Practica_IV/Content/StarterContent/Textures/T_Ground_Gravel_N.uasset" 491
"../../../../../UnrealProyects/Practica_IV/Content/StarterContent/Materials/M_Ground_Gravel.uasset" 492
"../../../../../UnrealProyects/Practica_IV/Content/StarterContent/Textures/T_ground_Moss_D.uasset" 493
"../../../../../UnrealProyects/Practica_IV/Content/StarterContent/Textures/T_Ground_Moss_N.uasset" 494
"../../../../../UnrealProyects/Practica_IV/Content/StarterContent/Materials/M_Ground_Moss.uasset" 495
"../../../../../UnrealProyects/Practica_IV/Content/StarterContent/Textures/T_Metal_Gold_D.uasset" 496
"../../../../../UnrealProyects/Practica_IV/Content/StarterContent/Materials/M_Metal_Gold.uasset" 497
"../../../../../UnrealProyects/Practica_IV/Content/StarterContent/Textures/T_Metal_Rust_D.uasset" 498
"../../../../../UnrealProyects/Practica_IV/Content/StarterContent/Materials/M_Metal_Rust.uasset" 499
"../../../../../UnrealProyects/Practica_IV/Content/StarterContent/Textures/T_Metal_Steel_D.uasset" 500
"../../../../../UnrealProyects/Practica_IV/Content/StarterContent/Textures/T_Metal_Steel_N.uasset" 501
"../../../../../UnrealProyects/Practica_IV/Content/StarterContent/Materials/M_Metal_Steel.uasset" 502
"../../../../../UnrealProyects/Practica_IV/Content/StarterContent/Textures/T_Rock_Basalt_N.uasset" 503
"../../../../../UnrealProyects/Practica_IV/Content/StarterContent/Materials/M_Rock_Basalt.uasset" 504
"../../../../../UnrealProyects/Practica_IV/Content/StarterContent/Materials/M_Rock_Marble_Polished.uasset" 505
"../../../../../UnrealProyects/Practica_IV/Content/StarterContent/Textures/T_Rock_Sandstone_D.uasset" 506
"../../../../../UnrealProyects/Practica_IV/Content/StarterContent/Textures/T_Rock_Sandstone_N.uasset" 507
"../../../../../UnrealProyects/Practica_IV/Content/StarterContent/Materials/M_Rock_Sandstone.uasset" 508
"../../../../../UnrealProyects/Practica_IV/Content/StarterContent/Textures/T_Rock_Slate_D.uasset" 509
"../../../../../UnrealProyects/Practica_IV/Content/StarterContent/Textures/T_Rock_Slate_N.uasset" 510
"../../../../../UnrealProyects/Practica_IV/Content/StarterContent/Materials/M_Rock_Slate.uasset" 511
"../../../../../UnrealProyects/Practica_IV/Content/StarterContent/Textures/T_Checker_Noise_M.uasset" 512
"../../../../../UnrealProyects/Practica_IV/Content/StarterContent/Textures/T_Single_Tile_N.uasset" 513
"../../../../../UnrealProyects/Practica_IV/Content/StarterContent/Textures/T_Tech_Dot_M.uasset" 514
"../../../../../UnrealProyects/Practica_IV/Content/StarterContent/Textures/T_Tech_Dot_N.uasset" 515
"../../../../../UnrealProyects/Practica_IV/Content/StarterContent/Materials/M_Tech_Checker_Dot.uasset" 516
"../../../../../UnrealProyects/Practica_IV/Content/StarterContent/Textures/T_Tech_Hex_Tile_M.uasset" 517
"../../../../../UnrealProyects/Practica_IV/Content/StarterContent/Textures/T_Tech_Hex_Tile_N.uasset" 518
"../../../../../UnrealProyects/Practica_IV/Content/StarterContent/Materials/M_Tech_Hex_Tile.uasset" 519
"../../../../../UnrealProyects/Practica_IV/Content/StarterContent/Materials/M_Tech_Hex_Tile_Pulse.uasset" 520
"../../../../../UnrealProyects/Practica_IV/Content/StarterContent/Textures/T_Tech_Panel_M.uasset" 521
"../../../../../UnrealProyects/Practica_IV/Content/StarterContent/Textures/T_Tech_Panel_N.uasset" 522
"../../../../../UnrealProyects/Practica_IV/Content/StarterContent/Materials/M_Tech_Panel.uasset" 523
"../../../../../UnrealProyects/Practica_IV/Content/StarterContent/Materials/M_Water_Lake.uasset" 524
"../../../../../UnrealProyects/Practica_IV/Content/StarterContent/Textures/T_Water_M.uasset" 525
"../../../../../UnrealProyects/Practica_IV/Content/StarterContent/Materials/M_Water_Ocean.uasset" 526
"../../../../../UnrealProyects/Practica_IV/Content/StarterContent/Textures/T_Wood_Floor_Walnut_D.uasset" 527
"../../../../../UnrealProyects/Practica_IV/Content/StarterContent/Textures/T_Wood_Floor_Walnut_M.uasset" 528
"../../../../../UnrealProyects/Practica_IV/Content/StarterContent/Textures/T_Wood_Floor_Walnut_N.uasset" 529
"../../../../../UnrealProyects/Practica_IV/Content/StarterContent/Materials/M_Wood_Floor_Walnut_Polished.uasset" 530
"../../../Engine/Content/Functions/Engine_MaterialFunctions01/Opacity/AlphaOffset.uasset" 531
"../../../../../UnrealProyects/Practica_IV/Content/StarterContent/Materials/M_Wood_Floor_Walnut_Worn.uasset" 532
"../../../../../UnrealProyects/Practica_IV/Content/StarterContent/Textures/T_Wood_Oak_D.uasset" 533
"../../../../../UnrealProyects/Practica_IV/Content/StarterContent/Textures/T_Wood_Oak_N.uasset" 534
"../../../../../UnrealProyects/Practica_IV/Content/StarterContent/Materials/M_Wood_Oak.uasset" 535
"../../../../../UnrealProyects/Practica_IV/Content/StarterContent/Textures/T_Wood_Walnut_D.uasset" 536
"../../../../../UnrealProyects/Practica_IV/Content/StarterContent/Textures/T_Wood_Walnut_N.uasset" 537
"../../../../../UnrealProyects/Practica_IV/Content/StarterContent/Materials/M_Wood_Walnut.uasset" 538
"../../../../../UnrealProyects/Practica_IV/Content/StarterContent/Architecture/Wall_400x200.uasset" 539
"../../../../../UnrealProyects/Practica_IV/Content/StarterContent/Architecture/Wall_Door_400x300.uasset" 540
"../../../../../UnrealProyects/Practica_IV/Content/StarterContent/Architecture/Wall_Window_400x300.uasset" 541
"../../../../../UnrealProyects/Practica_IV/Content/StarterContent/Audio/Collapse_Cue.uasset" 542
"../../../../../UnrealProyects/Practica_IV/Content/StarterContent/Audio/Starter_Music_Cue.uasset" 543
"../../../../../UnrealProyects/Practica_IV/Content/StarterContent/Textures/T_Dust_Particle_D.uasset" 544
"../../../../../UnrealProyects/Practica_IV/Content/StarterContent/Particles/Materials/M_Dust_Particle.uasset" 545
"../../../../../UnrealProyects/Practica_IV/Content/StarterContent/Particles/P_Ambient_Dust.uasset" 546
"../../../../../UnrealProyects/Practica_IV/Content/StarterContent/Props/MaterialSphere.uasset" 547
"../../../../../UnrealProyects/Practica_IV/Content/StarterContent/Textures/T_Frame_M.uasset" 548
"../../../../../UnrealProyects/Practica_IV/Content/StarterContent/Textures/T_Frame_N.uasset" 549
"../../../../../UnrealProyects/Practica_IV/Content/StarterContent/Props/Materials/M_Frame.uasset" 550
"../../../../../UnrealProyects/Practica_IV/Content/StarterContent/Props/SM_CornerFrame.uasset" 551
"../../../../../UnrealProyects/Practica_IV/Content/StarterContent/Props/SM_DoorFrame.uasset" 552
"../../../../../UnrealProyects/Practica_IV/Content/StarterContent/Props/SM_GlassWindow.uasset" 553
"../../../../../UnrealProyects/Practica_IV/Content/StarterContent/Props/SM_PillarFrame.uasset" 554
"../../../../../UnrealProyects/Practica_IV/Content/StarterContent/Props/SM_PillarFrame300.uasset" 555
"../../../../../UnrealProyects/Practica_IV/Content/StarterContent/Props/SM_WindowFrame.uasset" 556
"../../../../../UnrealProyects/Practica_IV/Content/StarterContent/Shapes/Shape_Cube.uasset" 557
"../../../../../UnrealProyects/Practica_IV/Content/StarterContent/Shapes/Shape_QuadPyramid.uasset" 558
"../../../../../UnrealProyects/Practica_IV/Content/StarterContent/Shapes/Shape_Sphere.uasset" 559
"../../../../../UnrealProyects/Practica_IV/Content/StarterContent/Maps/StarterMap.umap" 560
"../../../Engine/Content/Maps/Entry_BuiltData.uasset" 561
"../../../Engine/Content/Maps/Entry.umap" 562
