"../../../Engine/Content/ArtTools/RenderToTexture/Enums/RenderToTexture_Enum.uasset" 0
"../../../Engine/Content/ArtTools/RenderToTexture/Enums/RenderToTexture_Flipbook_Enum.uasset" 1
"../../../Engine/Content/ArtTools/RenderToTexture/Enums/RenderToTexture_Imposter_Enum.uasset" 2
"../../../Engine/Content/ArtTools/RenderToTexture/Meshes/S_1_Unit_Plane.uasset" 3
"../../../Engine/Content/EngineMaterials/DefaultPhysicalMaterial.uasset" 4
"../../../Engine/Content/BufferVisualization/AmbientOcclusion.uasset" 5
"../../../Engine/Content/BufferVisualization/BaseColor.uasset" 6
"../../../Engine/Content/BufferVisualization/CustomDepth.uasset" 7
"../../../Engine/Content/Functions/Engine_MaterialFunctions02/Utility/VectorLength.uasset" 8
"../../../Engine/Content/BufferVisualization/CustomDepthWorldUnits.uasset" 9
"../../../Engine/Content/Functions/Engine_MaterialFunctions01/Texturing/ScaleUVsByCenter.uasset" 10
"../../../Engine/Content/Functions/Engine_MaterialFunctions02/ScreenResolution.uasset" 11
"../../../Engine/Content/Functions/Engine_MaterialFunctions02/Texturing/ScreenAlignedUVs.uasset" 12
"../../../Engine/Content/Functions/Engine_MaterialFunctions02/Utility/MakeFloat2.uasset" 13
"../../../Engine/Content/Functions/Engine_MaterialFunctions02/Utility/MakeFloat3.uasset" 14
"../../../Engine/Content/EngineMaterials/MiniFont.uasset" 15
"../../../Engine/Content/BufferVisualization/CustomStencil.uasset" 16
"../../../Engine/Content/BufferVisualization/FinalImage.uasset" 17
"../../../Engine/Content/BufferVisualization/LightingModel.uasset" 18
"../../../Engine/Content/BufferVisualization/MaterialAO.uasset" 19
"../../../Engine/Content/BufferVisualization/Metallic.uasset" 20
"../../../Engine/Content/BufferVisualization/Opacity.uasset" 21
"../../../Engine/Content/BufferVisualization/PostTonemapHDRColor.uasset" 22
"../../../Engine/Content/BufferVisualization/PreTonemapHDRColor.uasset" 23
"../../../Engine/Content/BufferVisualization/Roughness.uasset" 24
"../../../Engine/Content/BufferVisualization/SceneColor.uasset" 25
"../../../Engine/Content/BufferVisualization/SceneDepth.uasset" 26
"../../../Engine/Content/BufferVisualization/SceneDepthWorldUnits.uasset" 27
"../../../Engine/Content/BufferVisualization/SeparateTranslucencyA.uasset" 28
"../../../Engine/Content/BufferVisualization/SeparateTranslucencyRGB.uasset" 29
"../../../Engine/Content/BufferVisualization/Specular.uasset" 30
"../../../Engine/Content/BufferVisualization/SubsurfaceColor.uasset" 31
"../../../Engine/Content/BufferVisualization/Velocity.uasset" 32
"../../../Engine/Content/BufferVisualization/WorldNormal.uasset" 33
"../../../Engine/Content/EditorLandscapeResources/AlphaBrushMaterial.uasset" 34
"../../../Engine/Content/EditorLandscapeResources/DataLayer.uasset" 35
"../../../Engine/Content/EditorLandscapeResources/LandscapeGizmoHeight_Mat.uasset" 36
"../../../Engine/Content/EditorLandscapeResources/LandscapeGizmo_Mat.uasset" 37
"../../../Engine/Content/EditorLandscapeResources/LandscapeGizmo_Mat_Copied.uasset" 38
"../../../Engine/Content/EditorLandscapeResources/SplineEditorMeshMat.uasset" 39
"../../../Engine/Content/EditorLandscapeResources/SplineEditorMesh.uasset" 40
"../../../Engine/Content/EditorMaterials/Cross.uasset" 41
"../../../Engine/Content/EditorMaterials/Cross_Mat.uasset" 42
"../../../Engine/Content/EditorMaterials/GizmoMaterial.uasset" 43
"../../../Engine/Content/EditorResources/T_EditorHelp.uasset" 44
"../../../Engine/Content/EditorMaterials/HelpActorMaterial.uasset" 45
"../../../Engine/Content/EditorMaterials/CompositeARGBLayer.uasset" 46
"../../../Engine/Content/EditorMaterials/TilingAALineIntegral.uasset" 47
"../../../Engine/Content/EditorMaterials/TilingAALineBoxFiltered.uasset" 48
"../../../Engine/Content/Functions/Engine_MaterialFunctions03/Procedurals/ComputeFilterWidth.uasset" 49
"../../../Engine/Content/EditorMaterials/TilingAADots.uasset" 50
"../../../Engine/Content/EngineMaterials/BlendFunc_DefBase.uasset" 51
"../../../Engine/Content/EngineMaterials/BlendFunc_DefBlend.uasset" 52
"../../../Engine/Content/Functions/Engine_MaterialFunctions03/Blends/Blend_Screen.uasset" 53
"../../../Engine/Content/EditorMaterials/TilingAAGrid.uasset" 54
"../../../Engine/Content/EditorMaterials/LevelGridMaterial.uasset" 55
"../../../Engine/Content/EditorMaterials/LevelGridMaterial2.uasset" 56
"../../../Engine/Content/EditorMaterials/MAT_Groups_Toggle.uasset" 57
"../../../Engine/Content/EditorMaterials/MAT_Groups_Visibility.uasset" 58
"../../../Engine/Content/EditorResources/TilePatine_D.uasset" 59
"../../../Engine/Content/EngineMaterials/Grid.uasset" 60
"../../../Engine/Content/EditorMaterials/PersonaFloorMat.uasset" 61
"../../../Engine/Content/EditorMaterials/PhAT_BoneSelectedMaterial.uasset" 62
"../../../Engine/Content/EditorMaterials/PhAT_ElemSelectedMaterial.uasset" 63
"../../../Engine/Content/EditorMaterials/PhAT_NoCollisionMaterial.uasset" 64
"../../../Engine/Content/EditorMaterials/PhAT_UnselectedMaterial.uasset" 65
"../../../Engine/Content/EditorMaterials/PreviewShadowIndicatorMaterial.uasset" 66
"../../../Engine/Content/EditorMaterials/TargetIcon.uasset" 67
"../../../Engine/Content/EditorMaterials/Tick.uasset" 68
"../../../Engine/Content/EditorMaterials/Tick_Mat.uasset" 69
"../../../Engine/Content/EditorMaterials/WidgetGridVertexColorMaterial.uasset" 70
"../../../Engine/Content/EditorMaterials/WidgetGridVertexColorMaterial_Ma.uasset" 71
"../../../Engine/Content/EditorMaterials/WidgetMaterial.uasset" 72
"../../../Engine/Content/EditorMaterials/WidgetMaterial_Current.uasset" 73
"../../../Engine/Content/EditorMaterials/WidgetMaterial_X.uasset" 74
"../../../Engine/Content/EditorMaterials/WidgetMaterial_Y.uasset" 75
"../../../Engine/Content/EditorMaterials/WidgetMaterial_Z.uasset" 76
"../../../Engine/Content/EditorMaterials/WidgetVertexColorMaterial.uasset" 77
"../../../Engine/Content/EditorMaterials/Cascade/CASC_ModuleEnable.uasset" 78
"../../../Engine/Content/EditorMaterials/Cascade/CASC_ModuleEnable_MAT.uasset" 79
"../../../Engine/Content/EditorMaterials/MatineeGroups/MAT_ColorTrack.uasset" 80
"../../../Engine/Content/EditorMaterials/MatineeGroups/MAT_Groups_Anim.uasset" 81
"../../../Engine/Content/EditorMaterials/MatineeGroups/MAT_Groups_AudioMaster.uasset" 82
"../../../Engine/Content/EditorMaterials/MatineeGroups/MAT_Groups_Director.uasset" 83
"../../../Engine/Content/EditorMaterials/MatineeGroups/MAT_Groups_Event.uasset" 84
"../../../Engine/Content/EditorMaterials/MatineeGroups/MAT_Groups_Fade.uasset" 85
"../../../Engine/Content/EditorMaterials/MatineeGroups/MAT_Groups_Float.uasset" 86
"../../../Engine/Content/EditorMaterials/MatineeGroups/MAT_Groups_Move.uasset" 87
"../../../Engine/Content/EditorMaterials/MatineeGroups/MAT_Groups_Slomo.uasset" 88
"../../../Engine/Content/EditorMaterials/MatineeGroups/MAT_Groups_Sound.uasset" 89
"../../../Engine/Content/EditorMaterials/MatineeGroups/MAT_Groups_Vector.uasset" 90
"../../../Engine/Content/EditorMaterials/ParticleSystems/PSysThumbnail_NoImage.uasset" 91
"../../../Engine/Content/EditorMaterials/ParticleSystems/PSysThumbnail_OOD.uasset" 92
"../../../Engine/Content/EditorMaterials/Thumbnails/FloorPlaneMaterial.uasset" 93
"../../../Engine/Content/EditorMaterials/Thumbnails/SkySphereMaterial.uasset" 94
"../../../Engine/Content/EditorMeshes/EditorSkySphere.uasset" 95
"../../../Engine/Content/EditorMaterials/GridMaterial.uasset" 96
"../../../Engine/Content/EditorMeshes/PhAT_FloorBox.uasset" 97
"../../../Engine/Content/EditorMeshes/PlanarReflectionPlane.uasset" 98
"../../../Engine/Content/EditorMeshes/AssetViewer/Floor_Mesh.uasset" 99
"../../../Engine/Content/EditorMaterials/Camera/CineMat.uasset" 100
"../../../Engine/Content/EditorMaterials/Camera/MI_CineMat_CameraBody.uasset" 101
"../../../Engine/Content/EngineDebugMaterials/M_SimpleOpaque.uasset" 102
"../../../Engine/Content/EditorMaterials/Camera/MI_CineMat_CamViewFinder.uasset" 103
"../../../Engine/Content/EditorMeshes/Camera/SM_CineCam.uasset" 104
"../../../Engine/Content/EditorMaterials/Camera/MI_CineMat_Rig.uasset" 105
"../../../Engine/Content/EditorMeshes/Camera/SM_CraneRig_Arm.uasset" 106
"../../../Engine/Content/EditorMeshes/Camera/SM_CraneRig_Base.uasset" 107
"../../../Engine/Content/EditorMeshes/Camera/SM_CraneRig_Body.uasset" 108
"../../../Engine/Content/EditorMeshes/Camera/SM_CraneRig_Mount.uasset" 109
"../../../Engine/Content/EditorMeshes/Camera/SM_RailRig_Mount.uasset" 110
"../../../Engine/Content/EditorMeshes/Camera/SM_RailRig_Track.uasset" 111
"../../../Engine/Content/EditorMeshes/ColorCalibrator/M_ChromeBall.uasset" 112
"../../../Engine/Content/EditorResources/Bad.uasset" 113
"../../../Engine/Content/EditorResources/BSPVertex.uasset" 114
"../../../Engine/Content/EditorResources/EmptyActor.uasset" 115
"../../../Engine/Content/EditorResources/MatineeCam_D.uasset" 116
"../../../Engine/Content/EditorResources/MatInstActSprite.uasset" 117
"../../../Engine/Content/EditorResources/SceneManager.uasset" 118
"../../../Engine/Content/EditorResources/SmallFont.uasset" 119
"../../../Engine/Content/EditorResources/S_DecalActorIcon.uasset" 120
"../../../Engine/Content/EditorResources/S_FTest.uasset" 121
"../../../Engine/Content/EditorResources/S_KBSJoint.uasset" 122
"../../../Engine/Content/EditorResources/S_KHinge.uasset" 123
"../../../Engine/Content/EditorResources/S_KPrismatic.uasset" 124
"../../../Engine/Content/EditorResources/S_NavP.uasset" 125
"../../../Engine/Content/EditorResources/S_Note.uasset" 126
"../../../Engine/Content/EditorResources/S_Player.uasset" 127
"../../../Engine/Content/EditorResources/S_PortalActorIcon2.uasset" 128
"../../../Engine/Content/EditorResources/S_RadForce.uasset" 129
"../../../Engine/Content/EditorResources/S_ReflActorIcon.uasset" 130
"../../../Engine/Content/EditorResources/S_Solver.uasset" 131
"../../../Engine/Content/EditorResources/S_Terrain.uasset" 132
"../../../Engine/Content/EditorResources/S_TextRenderActorIcon.uasset" 133
"../../../Engine/Content/EditorResources/S_Thruster.uasset" 134
"../../../Engine/Content/EditorResources/S_Trigger.uasset" 135
"../../../Engine/Content/EditorResources/S_VectorFieldVol.uasset" 136
"../../../Engine/Content/EditorResources/S_WindDirectional.uasset" 137
"../../../Engine/Content/EditorResources/AI/S_NavLink.uasset" 138
"../../../Engine/Content/EditorResources/LightIcons/SkyLight.uasset" 139
"../../../Engine/Content/EditorResources/LightIcons/S_LightDirectional.uasset" 140
"../../../Engine/Content/EditorResources/LightIcons/S_LightDirectionalMove.uasset" 141
"../../../Engine/Content/EditorResources/LightIcons/S_LightError.uasset" 142
"../../../Engine/Content/EditorResources/SequenceRecorder/Countdown.uasset" 143
"../../../Engine/Content/EditorResources/SequenceRecorder/RecordingIndicator.uasset" 144
"../../../Engine/Content/EditorResources/Spline/T_Loft_Spline.uasset" 145
"../../../Engine/Content/EditorSounds/Notifications/CompileFailed.uasset" 146
"../../../Engine/Content/EditorSounds/Notifications/CompileFailed_Cue.uasset" 147
"../../../Engine/Content/EditorSounds/Notifications/CompileSuccess.uasset" 148
"../../../Engine/Content/EditorSounds/Notifications/CompileStart_Cue.uasset" 149
"../../../Engine/Content/EditorSounds/Notifications/CompileSuccess_Cue.uasset" 150
"../../../Engine/Content/EngineDamageTypes/DmgTypeBP_Environmental.uasset" 151
"../../../Engine/Content/EngineDebugMaterials/HeatmapGradient.uasset" 152
"../../../Engine/Content/EngineDebugMaterials/BoneWeightMaterial.uasset" 153
"../../../Engine/Content/EngineDebugMaterials/ClothMaterial.uasset" 154
"../../../Engine/Content/EngineDebugMaterials/ClothMaterial_WF.uasset" 155
"../../../Engine/Content/EngineDebugMaterials/DebugEditorMaterial.uasset" 156
"../../../Engine/Content/EngineDebugMaterials/DebugMeshMaterial.uasset" 157
"../../../Engine/Content/EngineDebugMaterials/GeomMaterial.uasset" 158
"../../../Engine/Content/EngineDebugMaterials/LevelColorationLitMaterial.uasset" 159
"../../../Engine/Content/EngineDebugMaterials/LevelColorationUnlitMaterial.uasset" 160
"../../../Engine/Content/EngineMaterials/DefaultWhiteGrid.uasset" 161
"../../../Engine/Content/EngineDebugMaterials/MAT_LevelColorationLitLightmapUV.uasset" 162
"../../../Engine/Content/EngineDebugMaterials/M_SimpleTranslucent.uasset" 163
"../../../Engine/Content/Functions/Engine_MaterialFunctions02/Utility/CameraDirectionVector.uasset" 164
"../../../Engine/Content/EngineDebugMaterials/VolumeToRender.uasset" 165
"../../../Engine/Content/EngineDebugMaterials/M_VolumeRenderSphereTracePP.uasset" 166
"../../../Engine/Content/EngineDebugMaterials/ShadedLevelColorationLitMaterial.uasset" 167
"../../../Engine/Content/EngineDebugMaterials/ShadedLevelColorationUnlitMateri.uasset" 168
"../../../Engine/Content/EngineDebugMaterials/VertexColorMaterial.uasset" 169
"../../../Engine/Content/EngineDebugMaterials/VertexColorViewMode_AlphaAsColor.uasset" 170
"../../../Engine/Content/EngineDebugMaterials/VertexColorViewMode_BlueOnly.uasset" 171
"../../../Engine/Content/EngineDebugMaterials/VertexColorViewMode_ColorOnly.uasset" 172
"../../../Engine/Content/EngineDebugMaterials/VertexColorViewMode_GreenOnly.uasset" 173
"../../../Engine/Content/EngineDebugMaterials/VertexColorViewMode_RedOnly.uasset" 174
"../../../Engine/Content/EngineDebugMaterials/WireframeMaterial.uasset" 175
"../../../Engine/Content/EngineFonts/Faces/RobotoTiny.uasset" 176
"../../../Engine/Content/EngineFonts/RobotoTiny.uasset" 177
"../../../Engine/Content/EngineFonts/SmallFont.uasset" 178
"../../../Engine/Content/EngineFonts/TinyFont.uasset" 179
"../../../Engine/Content/EngineMaterials/BaseFlattenDiffuseMap.uasset" 180
"../../../Engine/Content/EngineMaterials/BaseFlattenEmissiveMap.uasset" 181
"../../../Engine/Content/EngineMaterials/BaseFlattenGrayscaleMap.uasset" 182
"../../../Engine/Content/EngineMaterials/BaseFlattenNormalMap.uasset" 183
"../../../Engine/Content/EngineMaterials/BaseFlattenMaterial.uasset" 184
"../../../Engine/Content/EngineResources/WhiteSquareTexture.uasset" 185
"../../../Engine/Content/EngineMaterials/BlinkingCaret.uasset" 186
"../../../Engine/Content/EngineMaterials/BlueNoise.uasset" 187
"../../../Engine/Content/EngineMaterials/DefaultBloomKernel.uasset" 188
"../../../Engine/Content/EngineMaterials/DefaultBokeh.uasset" 189
"../../../Engine/Content/EngineMaterials/DefaultDiffuse.uasset" 190
"../../../Engine/Content/EngineFonts/RobotoDistanceField.uasset" 191
"../../../Engine/Content/EngineMaterials/DefaultTextMaterialOpaque.uasset" 192
"../../../Engine/Content/EngineMaterials/EditorBrushMaterial.uasset" 193
"../../../Engine/Content/EngineMaterials/DefaultWhiteGrid_Low.uasset" 194
"../../../Engine/Content/EngineMaterials/EmissiveMeshMaterial.uasset" 195
"../../../Engine/Content/EngineMaterials/Good64x64TilingNoiseHighFreq.uasset" 196
"../../../Engine/Content/EngineMaterials/HighResolutionScreenshotMaskFunction.uasset" 197
"../../../Engine/Content/EngineMaterials/HighResScreenshot.uasset" 198
"../../../Engine/Content/EngineMaterials/HighResScreenshotCaptureRegion.uasset" 199
"../../../Engine/Content/EngineMaterials/HighResScreenshotMask.uasset" 200
"../../../Engine/Content/EngineMaterials/LandscapeHolePhysicalMaterial.uasset" 201
"../../../Engine/Content/EngineMaterials/InvalidLightmapSettings.uasset" 202
"../../../Engine/Content/EngineMaterials/M_InvalidLightmapSettings.uasset" 203
"../../../Engine/Content/EngineMaterials/PaperDiffuse.uasset" 204
"../../../Engine/Content/EngineMaterials/PaperNormal.uasset" 205
"../../../Engine/Content/Functions/Engine_MaterialFunctions02/WorldPositionOffset/CameraOffset.uasset" 206
"../../../Engine/Content/EngineMaterials/PhAT_JointLimitMaterial.uasset" 207
"../../../Engine/Content/EngineMaterials/PhysMat_Rubber.uasset" 208
"../../../Engine/Content/EngineMaterials/PreintegratedSkinBRDF.uasset" 209
"../../../Engine/Content/EngineMaterials/RemoveSurfaceMaterial.uasset" 210
"../../../Engine/Content/EngineMaterials/WeightMapPlaceholderTexture.uasset" 211
"../../../Engine/Content/EngineMaterials/Widget3DPassThrough.uasset" 212
"../../../Engine/Content/EngineMaterials/Widget3DPassThrough_Masked.uasset" 213
"../../../Engine/Content/EngineMaterials/Widget3DPassThrough_Opaque.uasset" 214
"../../../Engine/Content/EngineMaterials/Widget3DPassThrough_Masked_OneSided.uasset" 215
"../../../Engine/Content/EngineMaterials/Widget3DPassThrough_Opaque_OneSided.uasset" 216
"../../../Engine/Content/EngineMaterials/Widget3DPassThrough_Translucent.uasset" 217
"../../../Engine/Content/EngineMaterials/Widget3DPassThrough_Translucent_OneSided.uasset" 218
"../../../Engine/Content/EngineMeshes/BackgroundMaterial.uasset" 219
"../../../Engine/Content/EngineMaterials/T_Default_Material_Grid_M.uasset" 220
"../../../Engine/Content/EngineMaterials/DefaultMaterial.uasset" 221
"../../../Engine/Content/EngineMeshes/Cylinder.uasset" 222
"../../../Engine/Content/EngineMeshes/Sphere.uasset" 223
"../../../Engine/Content/EngineResources/Black.uasset" 224
"../../../Engine/Content/EngineResources/DefaultTexture.uasset" 225
"../../../Engine/Content/EngineResources/DefaultTextureCube.uasset" 226
"../../../Engine/Content/EngineResources/DefaultVolumeTexture2D.uasset" 227
"../../../Engine/Content/EngineResources/DefaultVolumeTexture.uasset" 228
"../../../Engine/Content/EngineResources/GradientTexture0.uasset" 229
"../../../Engine/Content/EngineResources/StreamingPauseIcon.uasset" 230
"../../../Engine/Content/EngineResources/M_StreamingPause.uasset" 231
"../../../Engine/Content/EditorBlueprintResources/StandardMacros.uasset" 232
"../../../Engine/Content/EngineSky/C_Sky_Cloud_Color.uasset" 233
"../../../Engine/Content/EngineSky/C_Sky_Horizon_Color.uasset" 234
"../../../Engine/Content/EngineSky/C_Sky_Zenith_Color.uasset" 235
"../../../Engine/Content/EngineSky/T_Sky_Blue.uasset" 236
"../../../Engine/Content/EngineSky/T_Sky_Clouds_M.uasset" 237
"../../../Engine/Content/EngineSky/T_Sky_Stars.uasset" 238
"../../../Engine/Content/EngineSky/M_Sky_Panning_Clouds2.uasset" 239
"../../../Engine/Content/EngineSky/SM_SkySphere.uasset" 240
"../../../Engine/Content/EngineSky/BP_Sky_Sphere.uasset" 241
"../../../Engine/Content/EngineSounds/Master.uasset" 242
"../../../Engine/Content/Functions/Engine_MaterialFunctions02/ExampleContent/Textures/newhplaneHeightMap.uasset" 243
"../../../Engine/Content/Functions/Engine_MaterialFunctions02/Texturing/3dParticleOpacity.uasset" 244
"../../../Engine/Content/Functions/Engine_MaterialFunctions02/ExampleContent/Textures/newhplaneAlphaMap.uasset" 245
"../../../Engine/Content/Functions/Engine_MaterialFunctions02/ExampleContent/Textures/newhplaneLightingMap.uasset" 246
"../../../Engine/Content/Functions/Engine_MaterialFunctions02/ExampleContent/Textures/newhplaneNormalsMap.uasset" 247
"../../../Engine/Content/MapTemplates/Sky/DaylightAmbientCubemap.uasset" 248
"../../../Engine/Content/Functions/Engine_MaterialFunctions02/ExampleContent/3dParticleOpacity_Mat.uasset" 249
"../../../Engine/Content/Functions/Engine_MaterialFunctions02/ExampleContent/3dParticleOpacityInstance.uasset" 250
"../../../Engine/Content/Functions/Engine_MaterialFunctions02/ExampleContent/Gradient.uasset" 251
"../../../Engine/Content/Functions/Engine_MaterialFunctions02/ExampleContent/Greyscale.uasset" 252
"../../../Engine/Content/Functions/Engine_MaterialFunctions02/PassThrough.uasset" 253
"../../../Engine/Content/Functions/Engine_MaterialFunctions02/SafeNormalize.uasset" 254
"../../../Engine/Content/Functions/Engine_MaterialFunctions02/Utility/BreakOutFloat3Components.uasset" 255
"../../../Engine/Content/Functions/Engine_MaterialFunctions02/ExampleContent/DebugNumberStrip.uasset" 256
"../../../Engine/Content/Functions/Engine_MaterialFunctions02/ExampleContent/Textures/DebugNumberPeriod.uasset" 257
"../../../Engine/Content/Functions/Engine_MaterialFunctions02/Utility/DebugScalarValues.uasset" 258
"../../../Engine/Content/Functions/Engine_MaterialFunctions02/Utility/DebugFloat3Values.uasset" 259
"../../../Engine/Content/Functions/Engine_MaterialFunctions02/Utility/BreakOutFloat4Components.uasset" 260
"../../../Engine/Content/Functions/Engine_MaterialFunctions02/Utility/DebugFloat4Values.uasset" 261
"../../../Engine/Content/Functions/Engine_MaterialFunctions02/Normals/UnpackNormalFromFloat.uasset" 262
"../../../Engine/Content/Functions/Engine_MaterialFunctions02/ExampleContent/TextureBasedWPO/DemoBox.uasset" 263
"../../../Engine/Content/Functions/Engine_MaterialFunctions02/ExampleContent/TextureBasedWPO/DemoBox_Normals.uasset" 264
"../../../Engine/Content/Functions/Engine_MaterialFunctions02/MAXScripts/MS_VertexAnimationTools_MorphTargets.uasset" 265
"../../../Engine/Content/Functions/Engine_MaterialFunctions02/Utility/LinearSine.uasset" 266
"../../../Engine/Content/Functions/Engine_MaterialFunctions02/ExampleContent/TextureBasedWPO/TextureBasedMorphDemo.uasset" 267
"../../../Engine/Content/Functions/Engine_MaterialFunctions02/ExampleContent/TextureBasedWPO/DemoBoxMesh.uasset" 268
"../../../Engine/Content/Functions/Engine_MaterialFunctions02/ExampleContent/Textures/flipbook.uasset" 269
"../../../Engine/Content/Maps/Templates/Thumbnails/Default.uasset" 270
"../../../Engine/Content/Maps/Templates/Thumbnails/VR-Basic.uasset" 271
"../../../Engine/Content/MapTemplates/Materials/BasicAsset01.uasset" 272
"../../../Engine/Content/Tutorial/ContentIntroCurve.uasset" 273
"../../../Engine/Content/Tutorial/Basics/LevelEditorAttract.uasset" 274
"../../../Engine/Content/Tutorial/Basics/TutorialAssets/icon_tab_Levels_40x.uasset" 275
"../../../Engine/Content/Tutorial/Basics/LevelEditorOverview.uasset" 276
"../../../Engine/Content/Tutorial/BlueprintTutorials/TutorialAssets/Blueprint_64x.uasset" 277
"../../../Engine/Content/Tutorial/BlueprintTutorials/BlueprintEditorTutorial.uasset" 278
"../../../Engine/Content/Tutorial/BlueprintTutorials/LevelBlueprintEditorOverview.uasset" 279
"../../../Engine/Content/VREditor/Sounds/UI/Camera_Shutter.uasset" 280
"../../../Engine/Content/VREditor/Sounds/UI/Flashlight_Switch.uasset" 281
"../../../Engine/Content/VREditor/Sounds/UI/Laser_Push.uasset" 282
"../../../Engine/Content/VREditor/LaserPointer/VR_LaserPower_01.uasset" 283
"../../../Engine/Content/VREditor/TransformGizmo/TransformGizmoMaterial.uasset" 284
"../../../Engine/Content/VREditor/TransformGizmo/TranslucentTransformGizmoMaterial.uasset" 285
"../../../Engine/Content/VREditor/TransformGizmo/BoundingBoxCorner.uasset" 286
"../../../Engine/Content/VREditor/TransformGizmo/BoundingBoxEdge.uasset" 287
"../../../Engine/Content/VREditor/TransformGizmo/PlaneTranslationHandle.uasset" 288
"../../../Engine/Content/VREditor/TransformGizmo/Main.uasset" 289
"../../../Engine/Content/VREditor/TransformGizmo/Xray.uasset" 290
"../../../Engine/Content/VREditor/TransformGizmo/SM_Sequencer_Key.uasset" 291
"../../../Engine/Content/VREditor/TransformGizmo/SM_Sequencer_Node.uasset" 292
"../../../../../UnrealProyects/Practica_IV/Content/Geometry/Meshes/CubeMaterial.uasset" 293
"../../../../../UnrealProyects/Practica_IV/Content/Geometry/Meshes/TemplateFloor.uasset" 294
"../../../../../UnrealProyects/Practica_IV/Content/Mannequin/Animations/ThirdPersonRun.uasset" 295
"../../../../../UnrealProyects/Practica_IV/Content/Mannequin/Animations/ThirdPersonWalk.uasset" 296
"../../../../../UnrealProyects/Practica_IV/Content/Mannequin/Character/Materials/MaterialLayers/T_ML_Aluminum01.uasset" 297
"../../../../../UnrealProyects/Practica_IV/Content/Mannequin/Character/Materials/MaterialLayers/T_ML_Rubber_Blue_01_D.uasset" 298
"../../../../../UnrealProyects/Practica_IV/Content/Mannequin/Character/Textures/UE4_Mannequin__normals.uasset" 299
"../../../../../UnrealProyects/Practica_IV/Content/Mannequin/Character/Textures/UE4_Mannequin_MAT_MASKA.uasset" 300
"../../../../../UnrealProyects/Practica_IV/Content/Mannequin/Character/Materials/M_UE4Man_Body.uasset" 301
"../../../../../UnrealProyects/Practica_IV/Content/Mannequin/Character/Textures/UE4Man_Logo_N.uasset" 302
"../../../../../UnrealProyects/Practica_IV/Content/Mannequin/Character/Materials/M_UE4Man_ChestLogo.uasset" 303
"../../../../../UnrealProyects/Practica_IV/Content/Mannequin/Character/Mesh/SK_Mannequin_PhysicsAsset.uasset" 304
"../../../../../UnrealProyects/Practica_IV/Content/Mannequin/Character/Mesh/SK_Mannequin.uasset" 305
"../../../../../UnrealProyects/Practica_IV/Content/Mannequin/Character/Textures/UE4_LOGO_CARD.uasset" 306
"../../../../../UnrealProyects/Practica_IV/Content/SideScrollerBP/Blueprints/BP_Interfaz.uasset" 307
"../../../Engine/Content/BasicShapes/BasicShapeMaterial.uasset" 308
"../../../Engine/Content/BasicShapes/Cube.uasset" 309
"../../../Engine/Content/BasicShapes/Sphere.uasset" 310
"../../../../../UnrealProyects/Practica_IV/Content/SideScrollerBP/Blueprints/BP_ActivateHeal.uasset" 311
"../../../../../UnrealProyects/Practica_IV/Content/StarterContent/Textures/T_Door_M.uasset" 312
"../../../../../UnrealProyects/Practica_IV/Content/StarterContent/Textures/T_Door_N.uasset" 313
"../../../../../UnrealProyects/Practica_IV/Content/StarterContent/Props/Materials/M_Door.uasset" 314
"../../../../../UnrealProyects/Practica_IV/Content/SideScrollerBP/Blueprints/BP_InterruptorVida_Block.uasset" 315
"../../../../../UnrealProyects/Practica_IV/Content/Geometry/Meshes/1M_Cube.uasset" 316
"../../../../../UnrealProyects/Practica_IV/Content/SideScrollerBP/Blueprints/BP_BlockAyuda.uasset" 317
"../../../../../UnrealProyects/Practica_IV/Content/StarterContent/Textures/T_CobbleStone_Rough_D.uasset" 318
"../../../../../UnrealProyects/Practica_IV/Content/StarterContent/Textures/T_Gradinet_01.uasset" 319
"../../../../../UnrealProyects/Practica_IV/Content/StarterContent/Textures/T_Rock_Smooth_Granite_D.uasset" 320
"../../../../../UnrealProyects/Practica_IV/Content/StarterContent/Materials/M_CobbleStone_Rough.uasset" 321
"../../../../../UnrealProyects/Practica_IV/Content/SideScrollerBP/Blueprints/BP_Bomba.uasset" 322
"../../../../../UnrealProyects/Practica_IV/Content/StarterContent/Textures/T_MacroVariation.uasset" 323
"../../../../../UnrealProyects/Practica_IV/Content/StarterContent/Textures/T_Perlin_Noise_M.uasset" 324
"../../../../../UnrealProyects/Practica_IV/Content/StarterContent/Textures/T_Wood_Pine_D.uasset" 325
"../../../../../UnrealProyects/Practica_IV/Content/StarterContent/Materials/M_Wood_Pine.uasset" 326
"../../../Engine/Content/VREditor/Sounds/UI/Object_PickUp.uasset" 327
"../../../../../UnrealProyects/Practica_IV/Content/SideScrollerBP/Blueprints/BP_LaunchPad.uasset" 328
"../../../../../UnrealProyects/Practica_IV/Content/SideScrollerBP/Blueprints/BP_LedgeVida.uasset" 329
"../../../../../UnrealProyects/Practica_IV/Content/StarterContent/Materials/M_Metal_Brushed_Nickel.uasset" 330
"../../../Engine/Content/BasicShapes/Cylinder.uasset" 331
"../../../../../UnrealProyects/Practica_IV/Content/SideScrollerBP/Blueprints/Audio/Coin-pick-up-sound-effect.uasset" 332
"../../../../../UnrealProyects/Practica_IV/Content/SideScrollerBP/Blueprints/Audio/coin_pickup.uasset" 333
"../../../../../UnrealProyects/Practica_IV/Content/SideScrollerBP/Blueprints/BP_moneda.uasset" 334
"../../Plugins/Enterprise/DatasmithContent/Content/Materials/FBXImporter/VRED/VREDRepeatMode.uasset" 335
"../../../Engine/Content/Functions/Engine_MaterialFunctions02/WorldPositionOffset/LocalPosition.uasset" 336
"../../Plugins/Enterprise/DatasmithContent/Content/Materials/FBXImporter/VRED/PlanarMapping.uasset" 337
"../../../Engine/Content/Functions/Engine_MaterialFunctions01/Texturing/FlattenNormal.uasset" 338
"../../Plugins/Enterprise/DatasmithContent/Content/Materials/FBXImporter/VRED/ProcessNormal.uasset" 339
"../../../Engine/Content/Functions/Engine_MaterialFunctions02/Texturing/CustomRotator.uasset" 340
"../../../Engine/Content/Functions/Engine_MaterialFunctions02/WorldPositionOffset/ObjectScale.uasset" 341
"../../Plugins/Enterprise/DatasmithContent/Content/Materials/FBXImporter/VRED/TriplanarMapping.uasset" 342
"../../Plugins/Enterprise/DatasmithContent/Content/Materials/FBXImporter/VRED/UVMapping.uasset" 343
"../../Plugins/Enterprise/DatasmithContent/Content/Materials/FBXImporter/VRED/VREDTextureRead.uasset" 344
"../../../Engine/Content/Functions/Engine_MaterialFunctions01/Texturing/BakedDisplacement.uasset" 345
"../../../Engine/Content/Functions/Engine_MaterialFunctions02/Fresnel_Function.uasset" 346
"../../Plugins/Enterprise/DatasmithContent/Content/Materials/FBXImporter/VRED/BrushedMetal.uasset" 347
"../../../Engine/Content/BasicShapes/Cone.uasset" 348
"../../../Engine/Content/VREditor/Sounds/UI/Foliage_Placed.uasset" 349
"../../../../../UnrealProyects/Practica_IV/Content/SideScrollerBP/Blueprints/BP_Pinchos.uasset" 350
"../../../../../UnrealProyects/Practica_IV/Content/SideScrollerBP/Blueprints/BP_PlataformaFinal.uasset" 351
"../../../../../UnrealProyects/Practica_IV/Content/SideScrollerBP/Blueprints/Audio/pokemon-healing.uasset" 352
"../../../../../UnrealProyects/Practica_IV/Content/SideScrollerBP/Blueprints/Audio/pokemon-healing_Cue.uasset" 353
"../../../../../UnrealProyects/Practica_IV/Content/SideScrollerBP/Blueprints/BP_PocionVida.uasset" 354
"../../../../../UnrealProyects/Practica_IV/Content/SideScrollerBP/Blueprints/Imagenes/MainBGOverlay.uasset" 355
"../../../../../UnrealProyects/Practica_IV/Content/SideScrollerBP/Blueprints/BP_LevelCompleteIU.uasset" 356
"../../../../../UnrealProyects/Practica_IV/Content/SideScrollerBP/Blueprints/BP_Portal.uasset" 357
"../../../../../UnrealProyects/Practica_IV/Content/SideScrollerBP/Blueprints/BP_VidayMonedasIU.uasset" 358
"../../../Engine/Content/BasicShapes/Plane.uasset" 359
"../../../../../UnrealProyects/Practica_IV/Content/SideScrollerBP/Blueprints/BP_ZonaCuracion.uasset" 360
"../../../../../UnrealProyects/Practica_IV/Content/SideScrollerBP/Blueprints/fondovidaIU.uasset" 361
"../../../../../UnrealProyects/Practica_IV/Content/SideScrollerBP/Blueprints/MainBGOverlay.uasset" 362
"../../../../../UnrealProyects/Practica_IV/Content/SideScrollerBP/Maps/SideScrollerExampleMap_BuiltData.uasset" 363
"../../../../../UnrealProyects/Practica_IV/Content/StarterContent/Audio/Collapse01.uasset" 364
"../../../../../UnrealProyects/Practica_IV/Content/StarterContent/Materials/M_Basic_Wall.uasset" 365
"../../../../../UnrealProyects/Practica_IV/Content/StarterContent/Textures/T_Brick_Clay_New_D.uasset" 366
"../../../../../UnrealProyects/Practica_IV/Content/StarterContent/Textures/T_Brick_Clay_New_M.uasset" 367
"../../../../../UnrealProyects/Practica_IV/Content/StarterContent/Textures/T_Brick_Clay_New_N.uasset" 368
"../../../../../UnrealProyects/Practica_IV/Content/StarterContent/Textures/T_Detail_Rocky_N.uasset" 369
"../../../../../UnrealProyects/Practica_IV/Content/StarterContent/Materials/M_Brick_Clay_New.uasset" 370
"../../../../../UnrealProyects/Practica_IV/Content/StarterContent/Textures/T_Brick_Clay_Old_D.uasset" 371
"../../../../../UnrealProyects/Practica_IV/Content/StarterContent/Textures/T_Brick_Clay_Old_N.uasset" 372
"../../../../../UnrealProyects/Practica_IV/Content/StarterContent/Materials/M_Brick_Clay_Old.uasset" 373
"../../../../../UnrealProyects/Practica_IV/Content/StarterContent/Materials/M_Glass.uasset" 374
"../../../../../UnrealProyects/Practica_IV/Content/StarterContent/Materials/M_Metal_Chrome.uasset" 375
"../../../../../UnrealProyects/Practica_IV/Content/StarterContent/Textures/T_Fire_SubUV.uasset" 376
"../../../../../UnrealProyects/Practica_IV/Content/StarterContent/Textures/T_Fire_Tiled_D.uasset" 377
"../../../../../UnrealProyects/Practica_IV/Content/StarterContent/Particles/Materials/M_Fire_SubUV.uasset" 378
"../../../../../UnrealProyects/Practica_IV/Content/StarterContent/Textures/T_Water_N.uasset" 379
"../../../../../UnrealProyects/Practica_IV/Content/StarterContent/Particles/Materials/M_Heat_Distortion.uasset" 380
"../../../Engine/Content/Functions/Engine_MaterialFunctions01/Gradient/RadialGradient.uasset" 381
"../../../../../UnrealProyects/Practica_IV/Content/StarterContent/Particles/Materials/M_Radial_Gradient.uasset" 382
"../../../../../UnrealProyects/Practica_IV/Content/StarterContent/Textures/T_Smoke_SubUV.uasset" 383
"../../../../../UnrealProyects/Practica_IV/Content/StarterContent/Textures/T_Smoke_Tiled_D.uasset" 384
"../../../../../UnrealProyects/Practica_IV/Content/StarterContent/Particles/Materials/M_smoke_subUV.uasset" 385
"../../../../../UnrealProyects/Practica_IV/Content/StarterContent/Particles/P_Fire.uasset" 386
"../../../../../UnrealProyects/Practica_IV/Content/StarterContent/Particles/Materials/M_radial_ramp.uasset" 387
"../../Plugins/2D/Paper2D/Content/PlaceholderTextures/DummySpriteTexture.uasset" 388
"../../Plugins/2D/Paper2D/Content/DummySprite.uasset" 389
"../../Plugins/2D/Paper2D/Content/DefaultPaperTerrainMaterial.uasset" 390
"../../Plugins/2D/Paper2D/Content/DefaultSpriteMaterial.uasset" 391
"../../Plugins/2D/Paper2D/Content/MaskedUnlitSpriteMaterial.uasset" 392
"../../Plugins/2D/Paper2D/Content/OpaqueUnlitSpriteMaterial.uasset" 393
"../../Plugins/Developer/AnimationSharing/Content/AnimSharingBase.uasset" 394
"../../Plugins/Developer/AnimationSharing/Content/AnimSharingGreen.uasset" 395
"../../Plugins/Enterprise/DatasmithContent/Content/Blueprints/FBXImporter/BP_Switch.uasset" 396
"../../Plugins/Enterprise/DatasmithContent/Content/Blueprints/FBXImporter/Animation/DeltaGenAnimationTrackType.uasset" 397
"../../Plugins/Enterprise/DatasmithContent/Content/Blueprints/FBXImporter/Animation/VREDAnimationTrackComponent.uasset" 398
"../../Plugins/Enterprise/DatasmithContent/Content/Blueprints/FBXImporter/Animation/VREDAnimationTrackType.uasset" 399
"../../Plugins/Enterprise/DatasmithContent/Content/Blueprints/FBXImporter/Animation/VREDAnimCurveComponent.uasset" 400
"../../Plugins/Enterprise/DatasmithContent/Content/Blueprints/FBXImporter/Animation/VREDAnimCurveType.uasset" 401
"../../Plugins/Enterprise/DatasmithContent/Content/Blueprints/FBXImporter/Variants/VariantSwitchType.uasset" 402
"../../Plugins/Enterprise/DatasmithContent/Content/Blueprints/FBXImporter/Variants/VREDVariantSwitchType.uasset" 403
"../../Plugins/Enterprise/DatasmithContent/Content/Blueprints/FBXImporter/Variants/VREDVariantType.uasset" 404
"../../Plugins/Enterprise/DatasmithContent/Content/Materials/Arealight.uasset" 405
"../../Plugins/Enterprise/DatasmithContent/Content/Meshes/disc.uasset" 406
"../../Plugins/Runtime/Oculus/OculusVR/Content/Materials/OculusMR_ChromaKey.uasset" 407
"../../Plugins/Runtime/Oculus/OculusVR/Content/Materials/OculusMR_ChromaKey_Lit.uasset" 408
"../../Plugins/Runtime/Oculus/OculusVR/Content/Materials/OculusMR_OpaqueColoredMaterial.uasset" 409
"../../Plugins/Runtime/Oculus/OculusVR/Content/Materials/OculusMR_WhiteMaterial.uasset" 410
"../../Plugins/Runtime/Oculus/OculusVR/Content/Materials/touchController_mat.uasset" 411
"../../Plugins/Runtime/Oculus/OculusVR/Content/Meshes/LeftTouchController.uasset" 412
"../../../../../UnrealProyects/Practica_IV/Content/StarterContent/Audio/Coin-pick-up-sound-effect.uasset" 413
